Operating system: Linux
                  0.0.0 Linux 4.18.0-553.22.1.el8_10.x86_64 #1 SMP Wed Sep 25 09:20:43 UTC 2024 x86_64
CPU: amd64
     family 6 model 183 stepping 1
     1 CPU

GPU: UNKNOWN

Crash reason:  DUMP_REQUESTED
Crash address: 0x3de8a406
Process uptime: not available

Thread 0 (crashed)
 0  libcbreakpad.so + 0x36406
    rax = 0x0000000000000000   rdx = 0x0000000000000000
    rcx = 0x000014623de88cb2   rbx = 0x00007ffd35e51c10
    rsi = 0x0000000000000001   rdi = 0x00007ffd35e51598
    rbp = 0x00007ffd35e51b50   rsp = 0x00007ffd35e51500
     r8 = 0x0000000000000000    r9 = 0x0000000000000000
    r10 = 0x000014623de56d68   r11 = 0x000014623de60226
    r12 = 0x0000000000000000   r13 = 0x00007ffd35e52e28
    r14 = 0x00007ffd35e51b90   r15 = 0x0000000000000000
    rip = 0x000014623de8a406
    Found by: given as instruction pointer in context
 1  libcbreakpad.so + 0x34672
    rbp = 0x00007ffd35e51ca0   rsp = 0x00007ffd35e51b60
    rip = 0x000014623de88672
    Found by: previous frame's frame pointer
 2  xrun + 0x57f184
    rbp = 0x00007ffd35e52e10   rsp = 0x00007ffd35e51cb0
    rip = 0x000000000097f184
    Found by: previous frame's frame pointer
 3  xrun + 0x726cb2
    rbp = 0x00007ffd35e52e10   rsp = 0x00007ffd35e51cc0
    rip = 0x0000000000b26cb2
    Found by: stack scanning
 4  xrun + 0x55c2c7
    rbp = 0x00007ffd35e52e10   rsp = 0x00007ffd35e51d00
    rip = 0x000000000095c2c7
    Found by: stack scanning
 5  xrun + 0x55b41d
    rbp = 0x00007ffd35e52e10   rsp = 0x00007ffd35e51d30
    rip = 0x000000000095b41d
    Found by: stack scanning
 6  xrun + 0x55f277
    rbp = 0x00007ffd35e52e10   rsp = 0x00007ffd35e51db0
    rip = 0x000000000095f277
    Found by: stack scanning
 7  xrun + 0x568531
    rbp = 0x00007ffd35e52e10   rsp = 0x00007ffd35e51df0
    rip = 0x0000000000968531
    Found by: stack scanning

Loaded modules:
0x00400000 - 0x00fc5fff  xrun  ???  (main)  (WARNING: No symbols, xrun, 99683607EEE179A37177CF8789DA41220)
0x14623ddbb000 - 0x14623de4afff  libxmjudy.so.1.0.3  ???
0x14623de54000 - 0x14623dea7fff  libcbreakpad.so  ???  (WARNING: No symbols, libcbreakpad.so, B7E2589FA42BEAC90FB1C5EEB35368C40)
0x14623dec5000 - 0x14623e091fff  libc-2.28.so  ???
0x14623e29c000 - 0x14623e2affff  libgcc_s.so.1  ???
0x14623e2b6000 - 0x14623e436fff  libm-2.28.so  ???
0x14623e638000 - 0x14623e63afff  libdl-2.28.so  ???
0x14623e83c000 - 0x14623e856fff  libpthread-2.28.so  ???
0x14623ea5c000 - 0x14623ea8afff  ld-2.28.so  ???
0x14623ea98000 - 0x14623ec16fff  libstdc++.so.6.0.28  ???
0x7ffd35fbe000 - 0x7ffd35fbffff  linux-gate.so  ???

******BACKTRACE*****
use_backtrace() (libcbreakpad.so) [0x14623de881a3]
cbpad_generate_dump_on_demand (libcbreakpad.so) [0x14623de88630]
<unknown> (xrun) [0x97f184]
<unknown> (xrun) [0x981477]
<unknown> (xrun) [0x97fd0c]
<unknown> (xrun) [0x981477]
<unknown> (xrun) [0x8f96ef]
<unknown> (xrun) [0x8fa42d]
<unknown> (xrun) [0x4c9a1d]
<unknown> (xrun) [0x560820]
<unknown> (xrun) [0x4a74c9]
<unknown> (libc.so.6) [0x14623deff7e5]
<unknown> (xrun) [0x4a74f9]
******BACKTRACE END*****