Operating system: Linux
                  0.0.0 Linux 4.18.0-553.22.1.el8_10.x86_64 #1 SMP Wed Sep 25 09:20:43 UTC 2024 x86_64
CPU: amd64
     family 6 model 183 stepping 1
     1 CPU

GPU: UNKNOWN

Crash reason:  DUMP_REQUESTED
Crash address: 0x9a1cf406
Process uptime: not available

Thread 0 (crashed)
 0  libcbreakpad.so + 0x36406
    rax = 0x0000000046f09109   rdx = 0x0000000000000000
    rcx = 0x00007fd89a1cdcb2   rbx = 0x00007fffae9302a0
    rsi = 0x0000000000000001   rdi = 0x00007fffae92fc28
    rbp = 0x00007fffae9301e0   rsp = 0x00007fffae92fb90
     r8 = 0x0000000000000000    r9 = 0x0000000000000000
    r10 = 0x0000000046f09109   r11 = 0x00007fd89a1a4ac8
    r12 = 0x0000000000000000   r13 = 0x00007fffae9314b8
    r14 = 0x00007fffae930220   r15 = 0x0000000000000000
    rip = 0x00007fd89a1cf406
    Found by: given as instruction pointer in context
 1  libcbreakpad.so + 0x34672
    rbp = 0x00007fffae930330   rsp = 0x00007fffae9301f0
    rip = 0x00007fd89a1cd672
    Found by: previous frame's frame pointer
 2  xrun + 0x57f184
    rbp = 0x00007fffae9314a0   rsp = 0x00007fffae930340
    rip = 0x000000000097f184
    Found by: previous frame's frame pointer
 3  xrun + 0x573762
    rbp = 0x00007fffae9314a0   rsp = 0x00007fffae930360
    rip = 0x0000000000973762
    Found by: stack scanning
 4  libpthread-2.28.so + 0x12940
    rbp = 0x00007fffae9314a0   rsp = 0x00007fffae930368
    rip = 0x00007fd89ab93940
    Found by: stack scanning
 5  xrun + 0x1764da
    rbp = 0x00007fffae9314a0   rsp = 0x00007fffae9303b0
    rip = 0x00000000005764da
    Found by: stack scanning
 6  xrun + 0x172b83
    rbp = 0x00007fffae9314a0   rsp = 0x00007fffae930460
    rip = 0x0000000000572b83
    Found by: stack scanning
 7  xrun + 0x7263ad
    rbp = 0x00007fffae9314a0   rsp = 0x00007fffae930530
    rip = 0x0000000000b263ad
    Found by: stack scanning
 8  xrun + 0x726cb2
    rbp = 0x00007fffae9314a0   rsp = 0x00007fffae930540
    rip = 0x0000000000b26cb2
    Found by: stack scanning
 9  libc-2.28.so + 0x88645
    rbp = 0x00007fffae9314a0   rsp = 0x00007fffae9305b0
    rip = 0x00007fd89a292645
    Found by: stack scanning
10  libc-2.28.so + 0x66a1b
    rbp = 0x00007fffae9314a0   rsp = 0x00007fffae930620
    rip = 0x00007fd89a270a1b
    Found by: stack scanning
11  libc-2.28.so + 0xa0082
    rbp = 0x00007fffae9314a0   rsp = 0x00007fffae9306c0
    rip = 0x00007fd89a2aa082
    Found by: stack scanning
12  xrun + 0x55c2c7
    rbp = 0x00007fffae9314a0   rsp = 0x00007fffae9306d0
    rip = 0x000000000095c2c7
    Found by: stack scanning
13  xrun + 0x55b41d
    rbp = 0x00007fffae9314a0   rsp = 0x00007fffae930700
    rip = 0x000000000095b41d
    Found by: stack scanning
14  libc-2.28.so + 0x108ed5
    rbp = 0x00007fffae9314a0   rsp = 0x00007fffae930740
    rip = 0x00007fd89a312ed5
    Found by: stack scanning
15  libc-2.28.so + 0x6e888
    rbp = 0x00007fffae9314a0   rsp = 0x00007fffae9307e0
    rip = 0x00007fd89a278888
    Found by: stack scanning
16  xrun + 0x5683f4
    rbp = 0x00007fffae9314a0   rsp = 0x00007fffae930830
    rip = 0x00000000009683f4
    Found by: stack scanning
17  libc-2.28.so + 0x93773
    rbp = 0x00007fffae9314a0   rsp = 0x00007fffae930850
    rip = 0x00007fd89a29d773
    Found by: stack scanning
18  libc-2.28.so + 0x92ac0
    rbp = 0x00007fffae9314a0   rsp = 0x00007fffae930858
    rip = 0x00007fd89a29cac0
    Found by: stack scanning
19  libc-2.28.so + 0x9c3ba
    rbp = 0x00007fffae9314a0   rsp = 0x00007fffae9308d0
    rip = 0x00007fd89a2a63ba
    Found by: stack scanning
20  xrun + 0x55ceec
    rbp = 0x00007fffae9314a0   rsp = 0x00007fffae930900
    rip = 0x000000000095ceec
    Found by: stack scanning
21  xrun + 0x55d12d
    rbp = 0x00007fffae9314a0   rsp = 0x00007fffae930930
    rip = 0x000000000095d12d
    Found by: stack scanning
22  xrun + 0x12210d
    rbp = 0x00007fffae9314a0   rsp = 0x00007fffae930940
    rip = 0x000000000052210d
    Found by: stack scanning
23  ld-2.28.so + 0x1d4e
    rbp = 0x00007fffae9314a0   rsp = 0x00007fffae930980
    rip = 0x00007fd89ada2d4e
    Found by: stack scanning
24  libxmjudy.so.1.0.3 + 0x557bf
    rbp = 0x00007fffae9314a0   rsp = 0x00007fffae9309d0
    rip = 0x00007fd89a1557bf
    Found by: stack scanning
25  libc-2.28.so + 0x9a245
    rbp = 0x00007fffae9314a0   rsp = 0x00007fffae9309e0
    rip = 0x00007fd89a2a4245
    Found by: stack scanning
26  xrun + 0x568ab4
    rbp = 0x00007fffae9314a0   rsp = 0x00007fffae930a20
    rip = 0x0000000000968ab4
    Found by: stack scanning
27  xrun + 0x568ab4
    rbp = 0x00007fffae9314a0   rsp = 0x00007fffae930a50
    rip = 0x0000000000968ab4
    Found by: stack scanning
28  xrun + 0x725810
    rbp = 0x00007fffae9314a0   rsp = 0x00007fffae930a68
    rip = 0x0000000000b25810
    Found by: stack scanning
29  libc-2.28.so + 0x503d2
    rbp = 0x00007fffae9314a0   rsp = 0x00007fffae930b60
    rip = 0x00007fd89a25a3d2
    Found by: stack scanning
30  libc-2.28.so + 0x108d8f
    rbp = 0x00007fffae9314a0   rsp = 0x00007fffae930ba0
    rip = 0x00007fd89a312d8f
    Found by: stack scanning
31  xrun + 0x56d345
    rbp = 0x00007fffae9314a0   rsp = 0x00007fffae930c20
    rip = 0x000000000096d345
    Found by: stack scanning
32  libc-2.28.so + 0x9151d
    rbp = 0x00007fffae9314a0   rsp = 0x00007fffae930c90
    rip = 0x00007fd89a29b51d
    Found by: stack scanning
33  libc-2.28.so + 0x9088f
    rbp = 0x00007fffae9314a0   rsp = 0x00007fffae930cc0
    rip = 0x00007fd89a29a88f
    Found by: stack scanning
34  libc-2.28.so + 0x9b34e
    rbp = 0x00007fffae9314a0   rsp = 0x00007fffae930d80
    rip = 0x00007fd89a2a534e
    Found by: stack scanning
35  libc-2.28.so + 0x857ae
    rbp = 0x00007fffae9314a0   rsp = 0x00007fffae930da0
    rip = 0x00007fd89a28f7ae
    Found by: stack scanning
36  libc-2.28.so + 0x93968
    rbp = 0x00007fffae9314a0   rsp = 0x00007fffae930de0
    rip = 0x00007fd89a29d968
    Found by: stack scanning
37  libc-2.28.so + 0x66a1b
    rbp = 0x00007fffae9314a0   rsp = 0x00007fffae930e30
    rip = 0x00007fd89a270a1b
    Found by: stack scanning
38  libc-2.28.so + 0x666f0
    rbp = 0x00007fffae9314a0   rsp = 0x00007fffae930ee0
    rip = 0x00007fd89a2706f0
    Found by: stack scanning
39  libpthread-2.28.so + 0x12940
    rbp = 0x00007fffae9314a0   rsp = 0x00007fffae930fb8
    rip = 0x00007fd89ab93940
    Found by: stack scanning
40  xrun + 0x55c2c7
    rbp = 0x00007fffae9314a0   rsp = 0x00007fffae931010
    rip = 0x000000000095c2c7
    Found by: stack scanning
41  libpthread-2.28.so + 0x12940
    rbp = 0x00007fffae9314a0   rsp = 0x00007fffae931018
    rip = 0x00007fd89ab93940
    Found by: stack scanning
42  libpthread-2.28.so + 0x12940
    rbp = 0x00007fffae9314a0   rsp = 0x00007fffae931038
    rip = 0x00007fd89ab93940
    Found by: stack scanning
43  xrun + 0xa80574
    rbp = 0x00007fffae9314a0   rsp = 0x00007fffae931098
    rip = 0x0000000000e80574
    Found by: stack scanning
44  xrun + 0x55f277
    rbp = 0x00007fffae9314a0   rsp = 0x00007fffae9310c0
    rip = 0x000000000095f277
    Found by: stack scanning
45  xrun + 0x568531
    rbp = 0x00007fffae9314a0   rsp = 0x00007fffae931100
    rip = 0x0000000000968531
    Found by: stack scanning
46  libc-2.28.so + 0x9a410
    rbp = 0x00007fffae9314a0   rsp = 0x00007fffae931180
    rip = 0x00007fd89a2a4410
    Found by: stack scanning
47  libc-2.28.so + 0x93968
    rbp = 0x00007fffae9314a0   rsp = 0x00007fffae931220
    rip = 0x00007fd89a29d968
    Found by: stack scanning
48  libc-2.28.so + 0x66a1b
    rbp = 0x00007fffae9314a0   rsp = 0x00007fffae931270
    rip = 0x00007fd89a270a1b
    Found by: stack scanning
49  libc-2.28.so + 0xa0082
    rbp = 0x00007fffae9314a0   rsp = 0x00007fffae931310
    rip = 0x00007fd89a2aa082
    Found by: stack scanning
50  libc-2.28.so + 0x937e0
    rbp = 0x00007fffae9314a0   rsp = 0x00007fffae931320
    rip = 0x00007fd89a29d7e0
    Found by: stack scanning
51  libc-2.28.so + 0x88645
    rbp = 0x00007fffae9314a0   rsp = 0x00007fffae931380
    rip = 0x00007fd89a292645
    Found by: stack scanning
52  libc-2.28.so + 0x503d2
    rbp = 0x00007fffae9314a0   rsp = 0x00007fffae931470
    rip = 0x00007fd89a25a3d2
    Found by: stack scanning
53  xrun + 0x581477
    rsp = 0x00007fffae9314b0   rip = 0x0000000000981477
    Found by: stack scanning
54  libc-2.28.so + 0x92dab
    rsp = 0x00007fffae931510   rip = 0x00007fd89a29cdab
    Found by: stack scanning
55  libc-2.28.so + 0x92ac0
    rsp = 0x00007fffae931518   rip = 0x00007fd89a29cac0
    Found by: stack scanning
56  libc-2.28.so + 0x86262
    rsp = 0x00007fffae931560   rip = 0x00007fd89a290262
    Found by: stack scanning
57  xrun + 0x12fe9d
    rsp = 0x00007fffae931590   rip = 0x000000000052fe9d
    Found by: stack scanning
58  libc-2.28.so + 0x93968
    rsp = 0x00007fffae9316c0   rip = 0x00007fd89a29d968
    Found by: stack scanning
59  libc-2.28.so + 0x937e0
    rsp = 0x00007fffae9316d0   rip = 0x00007fd89a29d7e0
    Found by: stack scanning
60  libc-2.28.so + 0x91b49
    rsp = 0x00007fffae931710   rip = 0x00007fd89a29bb49
    Found by: stack scanning
61  libc-2.28.so + 0x666f0
    rsp = 0x00007fffae931750   rip = 0x00007fd89a2706f0
    Found by: stack scanning
62  libc-2.28.so + 0x88645
    rsp = 0x00007fffae9317c0   rip = 0x00007fd89a292645
    Found by: stack scanning
63  libc-2.28.so + 0x6eac8
    rsp = 0x00007fffae9318f0   rip = 0x00007fd89a278ac8
    Found by: stack scanning
64  libc-2.28.so + 0x93773
    rsp = 0x00007fffae931960   rip = 0x00007fd89a29d773
    Found by: stack scanning
65  xrun + 0x15bc07
    rsp = 0x00007fffae9319d0   rip = 0x000000000055bc07
    Found by: stack scanning
66  libc-2.28.so + 0x8eaa4
    rsp = 0x00007fffae9319e0   rip = 0x00007fd89a298aa4
    Found by: stack scanning
67  libc-2.28.so + 0x1903a0
    rsp = 0x00007fffae931aa0   rip = 0x00007fd89a39a3a0
    Found by: stack scanning
68  libc-2.28.so + 0x9a245
    rsp = 0x00007fffae931ab0   rip = 0x00007fd89a2a4245
    Found by: stack scanning
69  xrun + 0x725810
    rsp = 0x00007fffae931b38   rip = 0x0000000000b25810
    Found by: stack scanning
70  libc-2.28.so + 0x97545
    rsp = 0x00007fffae931b50   rip = 0x00007fd89a2a1545
    Found by: stack scanning
71  libc-2.28.so + 0xa0082
    rsp = 0x00007fffae931b80   rip = 0x00007fd89a2aa082
    Found by: stack scanning
72  libc-2.28.so + 0x99c08
    rsp = 0x00007fffae931bb0   rip = 0x00007fd89a2a3c08
    Found by: stack scanning
73  libc-2.28.so + 0x88645
    rsp = 0x00007fffae931c00   rip = 0x00007fd89a292645
    Found by: stack scanning
74  libc-2.28.so + 0x6e888
    rsp = 0x00007fffae931ca0   rip = 0x00007fd89a278888
    Found by: stack scanning
75  libc-2.28.so + 0x9a245
    rsp = 0x00007fffae931cd0   rip = 0x00007fd89a2a4245
    Found by: stack scanning
76  libc-2.28.so + 0x9c3ba
    rsp = 0x00007fffae931d90   rip = 0x00007fd89a2a63ba
    Found by: stack scanning
77  xrun + 0x55ceec
    rsp = 0x00007fffae931dc0   rip = 0x000000000095ceec
    Found by: stack scanning
78  xrun + 0x55d12d
    rsp = 0x00007fffae931df0   rip = 0x000000000095d12d
    Found by: stack scanning
79  xrun + 0x132308
    rsp = 0x00007fffae931e00   rip = 0x0000000000532308
    Found by: stack scanning
80  libc-2.28.so + 0x66a1b
    rsp = 0x00007fffae931e70   rip = 0x00007fd89a270a1b
    Found by: stack scanning
81  libc-2.28.so + 0x93968
    rsp = 0x00007fffae931e90   rip = 0x00007fd89a29d968
    Found by: stack scanning
82  libc-2.28.so + 0x66a1b
    rsp = 0x00007fffae931ee0   rip = 0x00007fd89a270a1b
    Found by: stack scanning
83  xrun + 0x55f277
    rsp = 0x00007fffae931f90   rip = 0x000000000095f277
    Found by: stack scanning
84  ld-2.28.so + 0xd49c
    rsp = 0x00007fffae931fa0   rip = 0x00007fd89adae49c
    Found by: stack scanning
85  ld-2.28.so + 0xd886
    rsp = 0x00007fffae931fd0   rip = 0x00007fd89adae886
    Found by: stack scanning
86  libc-2.28.so + 0x9a410
    rsp = 0x00007fffae931ff0   rip = 0x00007fd89a2a4410
    Found by: stack scanning
87  libc-2.28.so + 0xa0082
    rsp = 0x00007fffae932050   rip = 0x00007fd89a2aa082
    Found by: stack scanning
88  libc-2.28.so + 0x9b34e
    rsp = 0x00007fffae9320b0   rip = 0x00007fd89a2a534e
    Found by: stack scanning
89  libc-2.28.so + 0x9c176
    rsp = 0x00007fffae9320f0   rip = 0x00007fd89a2a6176
    Found by: stack scanning
90  libc-2.28.so + 0x9a245
    rsp = 0x00007fffae932110   rip = 0x00007fd89a2a4245
    Found by: stack scanning
91  libc-2.28.so + 0x98a3b
    rsp = 0x00007fffae9321d0   rip = 0x00007fd89a2a2a3b
    Found by: stack scanning
92  xrun + 0x55ceec
    rsp = 0x00007fffae932200   rip = 0x000000000095ceec
    Found by: stack scanning
93  xrun + 0xb4d84
    rsp = 0x00007fffae932250   rip = 0x00000000004b4d84
    Found by: stack scanning
94  libc-2.28.so + 0x93968
    rsp = 0x00007fffae9322e0   rip = 0x00007fd89a29d968
    Found by: stack scanning
95  libc-2.28.so + 0x937e0
    rsp = 0x00007fffae9322f0   rip = 0x00007fd89a29d7e0
    Found by: stack scanning
96  libc-2.28.so + 0x91b49
    rsp = 0x00007fffae932330   rip = 0x00007fd89a29bb49
    Found by: stack scanning
97  libc-2.28.so + 0x666f0
    rsp = 0x00007fffae932370   rip = 0x00007fd89a2706f0
    Found by: stack scanning
98  libc-2.28.so + 0x88645
    rsp = 0x00007fffae932430   rip = 0x00007fd89a292645
    Found by: stack scanning
99  libpthread-2.28.so + 0x12940
    rsp = 0x00007fffae932448   rip = 0x00007fd89ab93940
    Found by: stack scanning
100  xrun + 0x726cb2
    rsp = 0x00007fffae932490   rip = 0x0000000000b26cb2
    Found by: stack scanning
101  xrun + 0x55f277
    rsp = 0x00007fffae9324a0   rip = 0x000000000095f277
    Found by: stack scanning
102  xrun + 0x7263ad
    rsp = 0x00007fffae9324b0   rip = 0x0000000000b263ad
    Found by: stack scanning
103  xrun + 0x726cb2
    rsp = 0x00007fffae9324c0   rip = 0x0000000000b26cb2
    Found by: stack scanning
104  xrun + 0x55c2c7
    rsp = 0x00007fffae9324d0   rip = 0x000000000095c2c7
    Found by: stack scanning
105  xrun + 0x55b3e0
    rsp = 0x00007fffae932500   rip = 0x000000000095b3e0
    Found by: stack scanning
106  xrun + 0x55f277
    rsp = 0x00007fffae932580   rip = 0x000000000095f277
    Found by: stack scanning
107  xrun + 0x5683f4
    rsp = 0x00007fffae9325c0   rip = 0x00000000009683f4
    Found by: stack scanning
108  libc-2.28.so + 0x93968
    rsp = 0x00007fffae932690   rip = 0x00007fd89a29d968
    Found by: stack scanning
109  libc-2.28.so + 0x93968
    rsp = 0x00007fffae9326e0   rip = 0x00007fd89a29d968
    Found by: stack scanning
110  libc-2.28.so + 0x66a1b
    rsp = 0x00007fffae932730   rip = 0x00007fd89a270a1b
    Found by: stack scanning
111  libc-2.28.so + 0xa0082
    rsp = 0x00007fffae9327a0   rip = 0x00007fd89a2aa082
    Found by: stack scanning
112  ld-2.28.so + 0xd886
    rsp = 0x00007fffae9327d0   rip = 0x00007fd89adae886
    Found by: stack scanning
113  libc-2.28.so + 0x11e60
    rsp = 0x00007fffae9327e0   rip = 0x00007fd89a21be60
    Found by: stack scanning
114  libc-2.28.so + 0x4000
    rsp = 0x00007fffae932818   rip = 0x00007fd89a20e000
    Found by: stack scanning
115  xrun + 0x4b9f6
    rsp = 0x00007fffae932820   rip = 0x000000000044b9f6
    Found by: stack scanning
116  libc-2.28.so + 0x6e888
    rsp = 0x00007fffae9328c0   rip = 0x00007fd89a278888
    Found by: stack scanning
117  libc-2.28.so + 0x9a245
    rsp = 0x00007fffae9328f0   rip = 0x00007fd89a2a4245
    Found by: stack scanning
118  libc-2.28.so + 0x9c3ba
    rsp = 0x00007fffae9329b0   rip = 0x00007fd89a2a63ba
    Found by: stack scanning
119  libc-2.28.so + 0x85da1
    rsp = 0x00007fffae9329d0   rip = 0x00007fd89a28fda1
    Found by: stack scanning
120  xrun + 0x4f938b
    rsp = 0x00007fffae9329f0   rip = 0x00000000008f938b
    Found by: stack scanning
121  xrun + 0x55d12d
    rsp = 0x00007fffae932a10   rip = 0x000000000095d12d
    Found by: stack scanning
122  xrun + 0x132308
    rsp = 0x00007fffae932a20   rip = 0x0000000000532308
    Found by: stack scanning
123  xrun + 0x336772
    rsp = 0x00007fffae932a80   rip = 0x0000000000736772
    Found by: stack scanning

Loaded modules:
0x00400000 - 0x00fc5fff  xrun  ???  (main)  (WARNING: No symbols, xrun, 99683607EEE179A37177CF8789DA41220)
0x7fd89a100000 - 0x7fd89a18ffff  libxmjudy.so.1.0.3  ???  (WARNING: No symbols, libxmjudy.so.1.0.3, 1BCD1988D146E5D530A5DB45397246030)
0x7fd89a199000 - 0x7fd89a1ecfff  libcbreakpad.so  ???  (WARNING: No symbols, libcbreakpad.so, B7E2589FA42BEAC90FB1C5EEB35368C40)
0x7fd89a20a000 - 0x7fd89a3d6fff  libc-2.28.so  ???  (WARNING: No symbols, libc-2.28.so, 472F348DE1B7067A75AA81230629EB080)
0x7fd89a5e1000 - 0x7fd89a5f4fff  libgcc_s.so.1  ???
0x7fd89a5fb000 - 0x7fd89a77bfff  libm-2.28.so  ???
0x7fd89a97d000 - 0x7fd89a97ffff  libdl-2.28.so  ???
0x7fd89ab81000 - 0x7fd89ab9bfff  libpthread-2.28.so  ???  (WARNING: No symbols, libpthread-2.28.so, C35792D9A08E014060E3E8A7A67A53EE0)
0x7fd89ada1000 - 0x7fd89adcffff  ld-2.28.so  ???  (WARNING: No symbols, ld-2.28.so, 711AE50A97B47ABE3FDC10E953516EDB0)
0x7fd89addd000 - 0x7fd89af5bfff  libstdc++.so.6.0.28  ???
0x7fffae978000 - 0x7fffae979fff  linux-gate.so  ???

******BACKTRACE*****
use_backtrace() (libcbreakpad.so) [0x7fd89a1cd1a3]
cbpad_generate_dump_on_demand (libcbreakpad.so) [0x7fd89a1cd630]
<unknown> (xrun) [0x97f184]
<unknown> (xrun) [0x981477]
<unknown> (xrun) [0x52fe9d]
<unknown> (xrun) [0x55bc07]
<unknown> (xrun) [0x4b4d84]
<unknown> (xrun) [0x4d2fed]
<unknown> (xrun) [0x560820]
<unknown> (xrun) [0x4a74c9]
<unknown> (libc.so.6) [0x7fd89a2447e5]
<unknown> (xrun) [0x4a74f9]
******BACKTRACE END*****