Operating system: Linux
                  0.0.0 Linux 4.18.0-553.22.1.el8_10.x86_64 #1 SMP Wed Sep 25 09:20:43 UTC 2024 x86_64
CPU: amd64
     family 6 model 183 stepping 1
     1 CPU

GPU: UNKNOWN

Crash reason:  DUMP_REQUESTED
Crash address: 0x5295406
Process uptime: not available

Thread 0 (crashed)
 0  libcbreakpad.so + 0x36406
    rax = 0x0000000003d0c9f0   rdx = 0x0000000000000000
    rcx = 0x00007f8705293cb2   rbx = 0x00007fffdcdd6980
    rsi = 0x0000000000000001   rdi = 0x00007fffdcdd6308
    rbp = 0x00007fffdcdd68c0   rsp = 0x00007fffdcdd6270
     r8 = 0x0000000000000000    r9 = 0x0000000000000000
    r10 = 0x00007fffdcdd6430   r11 = 0x00007fffdcdd6420
    r12 = 0x0000000000000000   r13 = 0x00007fffdcdd7b98
    r14 = 0x00007fffdcdd6900   r15 = 0x0000000000000000
    rip = 0x00007f8705295406
    Found by: given as instruction pointer in context
 1  libcbreakpad.so + 0x34672
    rbp = 0x00007fffdcdd6a10   rsp = 0x00007fffdcdd68d0
    rip = 0x00007f8705293672
    Found by: previous frame's frame pointer
 2  xrun + 0x57f184
    rbp = 0x00007fffdcdd7b80   rsp = 0x00007fffdcdd6a20
    rip = 0x000000000097f184
    Found by: previous frame's frame pointer
 3  xrun + 0x573762
    rbp = 0x00007fffdcdd7b80   rsp = 0x00007fffdcdd6a40
    rip = 0x0000000000973762
    Found by: stack scanning
 4  libpthread-2.28.so + 0x12940
    rbp = 0x00007fffdcdd7b80   rsp = 0x00007fffdcdd6a48
    rip = 0x00007f8705c59940
    Found by: stack scanning
 5  xrun + 0x1764da
    rbp = 0x00007fffdcdd7b80   rsp = 0x00007fffdcdd6a90
    rip = 0x00000000005764da
    Found by: stack scanning
 6  xrun + 0x172b83
    rbp = 0x00007fffdcdd7b80   rsp = 0x00007fffdcdd6b40
    rip = 0x0000000000572b83
    Found by: stack scanning
 7  xrun + 0x7263ad
    rbp = 0x00007fffdcdd7b80   rsp = 0x00007fffdcdd6c10
    rip = 0x0000000000b263ad
    Found by: stack scanning
 8  xrun + 0x726cb2
    rbp = 0x00007fffdcdd7b80   rsp = 0x00007fffdcdd6c20
    rip = 0x0000000000b26cb2
    Found by: stack scanning
 9  libc-2.28.so + 0x88645
    rbp = 0x00007fffdcdd7b80   rsp = 0x00007fffdcdd6c90
    rip = 0x00007f8705358645
    Found by: stack scanning
10  libc-2.28.so + 0x66a1b
    rbp = 0x00007fffdcdd7b80   rsp = 0x00007fffdcdd6d00
    rip = 0x00007f8705336a1b
    Found by: stack scanning
11  libc-2.28.so + 0xa0082
    rbp = 0x00007fffdcdd7b80   rsp = 0x00007fffdcdd6da0
    rip = 0x00007f8705370082
    Found by: stack scanning
12  xrun + 0x55c2c7
    rbp = 0x00007fffdcdd7b80   rsp = 0x00007fffdcdd6db0
    rip = 0x000000000095c2c7
    Found by: stack scanning
13  xrun + 0x55b41d
    rbp = 0x00007fffdcdd7b80   rsp = 0x00007fffdcdd6de0
    rip = 0x000000000095b41d
    Found by: stack scanning
14  libc-2.28.so + 0x108ed5
    rbp = 0x00007fffdcdd7b80   rsp = 0x00007fffdcdd6e20
    rip = 0x00007f87053d8ed5
    Found by: stack scanning
15  libc-2.28.so + 0x6e888
    rbp = 0x00007fffdcdd7b80   rsp = 0x00007fffdcdd6ec0
    rip = 0x00007f870533e888
    Found by: stack scanning
16  xrun + 0x5683f4
    rbp = 0x00007fffdcdd7b80   rsp = 0x00007fffdcdd6f10
    rip = 0x00000000009683f4
    Found by: stack scanning
17  libc-2.28.so + 0x93773
    rbp = 0x00007fffdcdd7b80   rsp = 0x00007fffdcdd6f30
    rip = 0x00007f8705363773
    Found by: stack scanning
18  libc-2.28.so + 0x92ac0
    rbp = 0x00007fffdcdd7b80   rsp = 0x00007fffdcdd6f38
    rip = 0x00007f8705362ac0
    Found by: stack scanning
19  libc-2.28.so + 0x9c3ba
    rbp = 0x00007fffdcdd7b80   rsp = 0x00007fffdcdd6fb0
    rip = 0x00007f870536c3ba
    Found by: stack scanning
20  xrun + 0x55ceec
    rbp = 0x00007fffdcdd7b80   rsp = 0x00007fffdcdd6fe0
    rip = 0x000000000095ceec
    Found by: stack scanning
21  xrun + 0x55d12d
    rbp = 0x00007fffdcdd7b80   rsp = 0x00007fffdcdd7010
    rip = 0x000000000095d12d
    Found by: stack scanning
22  xrun + 0x12210d
    rbp = 0x00007fffdcdd7b80   rsp = 0x00007fffdcdd7020
    rip = 0x000000000052210d
    Found by: stack scanning
23  libc-2.28.so + 0x11500
    rbp = 0x00007fffdcdd7b80   rsp = 0x00007fffdcdd7048
    rip = 0x00007f87052e1500
    Found by: stack scanning
24  libc-2.28.so + 0x50900
    rbp = 0x00007fffdcdd7b80   rsp = 0x00007fffdcdd7050
    rip = 0x00007f8705320900
    Found by: stack scanning
25  ld-2.28.so + 0x1d4e
    rbp = 0x00007fffdcdd7b80   rsp = 0x00007fffdcdd7080
    rip = 0x00007f8705e68d4e
    Found by: stack scanning
26  libc-2.28.so + 0x9a245
    rbp = 0x00007fffdcdd7b80   rsp = 0x00007fffdcdd70c0
    rip = 0x00007f870536a245
    Found by: stack scanning
27  xrun + 0x568ab4
    rbp = 0x00007fffdcdd7b80   rsp = 0x00007fffdcdd7100
    rip = 0x0000000000968ab4
    Found by: stack scanning
28  xrun + 0x568ab4
    rbp = 0x00007fffdcdd7b80   rsp = 0x00007fffdcdd7130
    rip = 0x0000000000968ab4
    Found by: stack scanning
29  xrun + 0x725810
    rbp = 0x00007fffdcdd7b80   rsp = 0x00007fffdcdd7148
    rip = 0x0000000000b25810
    Found by: stack scanning
30  libc-2.28.so + 0x503d2
    rbp = 0x00007fffdcdd7b80   rsp = 0x00007fffdcdd7240
    rip = 0x00007f87053203d2
    Found by: stack scanning
31  libc-2.28.so + 0x108d8f
    rbp = 0x00007fffdcdd7b80   rsp = 0x00007fffdcdd7280
    rip = 0x00007f87053d8d8f
    Found by: stack scanning
32  xrun + 0x56d345
    rbp = 0x00007fffdcdd7b80   rsp = 0x00007fffdcdd7300
    rip = 0x000000000096d345
    Found by: stack scanning
33  libc-2.28.so + 0x9151d
    rbp = 0x00007fffdcdd7b80   rsp = 0x00007fffdcdd7370
    rip = 0x00007f870536151d
    Found by: stack scanning
34  libc-2.28.so + 0x9088f
    rbp = 0x00007fffdcdd7b80   rsp = 0x00007fffdcdd73a0
    rip = 0x00007f870536088f
    Found by: stack scanning
35  libc-2.28.so + 0x9b34e
    rbp = 0x00007fffdcdd7b80   rsp = 0x00007fffdcdd7460
    rip = 0x00007f870536b34e
    Found by: stack scanning
36  libc-2.28.so + 0x857ae
    rbp = 0x00007fffdcdd7b80   rsp = 0x00007fffdcdd7480
    rip = 0x00007f87053557ae
    Found by: stack scanning
37  libc-2.28.so + 0x93968
    rbp = 0x00007fffdcdd7b80   rsp = 0x00007fffdcdd74c0
    rip = 0x00007f8705363968
    Found by: stack scanning
38  libc-2.28.so + 0x66a1b
    rbp = 0x00007fffdcdd7b80   rsp = 0x00007fffdcdd7510
    rip = 0x00007f8705336a1b
    Found by: stack scanning
39  libc-2.28.so + 0x666f0
    rbp = 0x00007fffdcdd7b80   rsp = 0x00007fffdcdd75c0
    rip = 0x00007f87053366f0
    Found by: stack scanning
40  libpthread-2.28.so + 0x12940
    rbp = 0x00007fffdcdd7b80   rsp = 0x00007fffdcdd7698
    rip = 0x00007f8705c59940
    Found by: stack scanning
41  xrun + 0x55c2c7
    rbp = 0x00007fffdcdd7b80   rsp = 0x00007fffdcdd76f0
    rip = 0x000000000095c2c7
    Found by: stack scanning
42  libpthread-2.28.so + 0x12940
    rbp = 0x00007fffdcdd7b80   rsp = 0x00007fffdcdd76f8
    rip = 0x00007f8705c59940
    Found by: stack scanning
43  libpthread-2.28.so + 0x12940
    rbp = 0x00007fffdcdd7b80   rsp = 0x00007fffdcdd7718
    rip = 0x00007f8705c59940
    Found by: stack scanning
44  xrun + 0x55f277
    rbp = 0x00007fffdcdd7b80   rsp = 0x00007fffdcdd77a0
    rip = 0x000000000095f277
    Found by: stack scanning
45  xrun + 0x568531
    rbp = 0x00007fffdcdd7b80   rsp = 0x00007fffdcdd77e0
    rip = 0x0000000000968531
    Found by: stack scanning
46  libc-2.28.so + 0x9a410
    rbp = 0x00007fffdcdd7b80   rsp = 0x00007fffdcdd7860
    rip = 0x00007f870536a410
    Found by: stack scanning
47  libc-2.28.so + 0x93968
    rbp = 0x00007fffdcdd7b80   rsp = 0x00007fffdcdd7900
    rip = 0x00007f8705363968
    Found by: stack scanning
48  libc-2.28.so + 0x66a1b
    rbp = 0x00007fffdcdd7b80   rsp = 0x00007fffdcdd7950
    rip = 0x00007f8705336a1b
    Found by: stack scanning
49  libc-2.28.so + 0xa0082
    rbp = 0x00007fffdcdd7b80   rsp = 0x00007fffdcdd79f0
    rip = 0x00007f8705370082
    Found by: stack scanning
50  libc-2.28.so + 0x937e0
    rbp = 0x00007fffdcdd7b80   rsp = 0x00007fffdcdd7a00
    rip = 0x00007f87053637e0
    Found by: stack scanning
51  libc-2.28.so + 0x88645
    rbp = 0x00007fffdcdd7b80   rsp = 0x00007fffdcdd7a60
    rip = 0x00007f8705358645
    Found by: stack scanning
52  libc-2.28.so + 0x503d2
    rbp = 0x00007fffdcdd7b80   rsp = 0x00007fffdcdd7b50
    rip = 0x00007f87053203d2
    Found by: stack scanning
53  xrun + 0x581477
    rsp = 0x00007fffdcdd7b90   rip = 0x0000000000981477
    Found by: stack scanning
54  libc-2.28.so + 0x92dab
    rsp = 0x00007fffdcdd7bf0   rip = 0x00007f8705362dab
    Found by: stack scanning
55  libc-2.28.so + 0x92ac0
    rsp = 0x00007fffdcdd7bf8   rip = 0x00007f8705362ac0
    Found by: stack scanning
56  libc-2.28.so + 0x86262
    rsp = 0x00007fffdcdd7c40   rip = 0x00007f8705356262
    Found by: stack scanning
57  xrun + 0x12fe9d
    rsp = 0x00007fffdcdd7c70   rip = 0x000000000052fe9d
    Found by: stack scanning
58  libc-2.28.so + 0x93968
    rsp = 0x00007fffdcdd7da0   rip = 0x00007f8705363968
    Found by: stack scanning
59  libc-2.28.so + 0x937e0
    rsp = 0x00007fffdcdd7db0   rip = 0x00007f87053637e0
    Found by: stack scanning
60  libc-2.28.so + 0x91b49
    rsp = 0x00007fffdcdd7df0   rip = 0x00007f8705361b49
    Found by: stack scanning
61  libc-2.28.so + 0x666f0
    rsp = 0x00007fffdcdd7e30   rip = 0x00007f87053366f0
    Found by: stack scanning
62  libc-2.28.so + 0x88645
    rsp = 0x00007fffdcdd7ea0   rip = 0x00007f8705358645
    Found by: stack scanning
63  libc-2.28.so + 0x6eac8
    rsp = 0x00007fffdcdd7fd0   rip = 0x00007f870533eac8
    Found by: stack scanning
64  libc-2.28.so + 0x93773
    rsp = 0x00007fffdcdd8040   rip = 0x00007f8705363773
    Found by: stack scanning
65  xrun + 0x15bc07
    rsp = 0x00007fffdcdd80b0   rip = 0x000000000055bc07
    Found by: stack scanning
66  libc-2.28.so + 0x8eaa4
    rsp = 0x00007fffdcdd80c0   rip = 0x00007f870535eaa4
    Found by: stack scanning
67  libc-2.28.so + 0x1903a0
    rsp = 0x00007fffdcdd8180   rip = 0x00007f87054603a0
    Found by: stack scanning
68  libc-2.28.so + 0x9a245
    rsp = 0x00007fffdcdd8190   rip = 0x00007f870536a245
    Found by: stack scanning
69  xrun + 0x725810
    rsp = 0x00007fffdcdd8218   rip = 0x0000000000b25810
    Found by: stack scanning
70  libc-2.28.so + 0x974f9
    rsp = 0x00007fffdcdd8230   rip = 0x00007f87053674f9
    Found by: stack scanning
71  libc-2.28.so + 0xa0082
    rsp = 0x00007fffdcdd8260   rip = 0x00007f8705370082
    Found by: stack scanning
72  libc-2.28.so + 0x99c08
    rsp = 0x00007fffdcdd8290   rip = 0x00007f8705369c08
    Found by: stack scanning
73  libc-2.28.so + 0x88645
    rsp = 0x00007fffdcdd82e0   rip = 0x00007f8705358645
    Found by: stack scanning
74  libc-2.28.so + 0x6e888
    rsp = 0x00007fffdcdd8380   rip = 0x00007f870533e888
    Found by: stack scanning
75  libc-2.28.so + 0x9a245
    rsp = 0x00007fffdcdd83b0   rip = 0x00007f870536a245
    Found by: stack scanning
76  libc-2.28.so + 0x9c3ba
    rsp = 0x00007fffdcdd8470   rip = 0x00007f870536c3ba
    Found by: stack scanning
77  xrun + 0x55ceec
    rsp = 0x00007fffdcdd84a0   rip = 0x000000000095ceec
    Found by: stack scanning
78  xrun + 0x55d12d
    rsp = 0x00007fffdcdd84d0   rip = 0x000000000095d12d
    Found by: stack scanning
79  xrun + 0x132308
    rsp = 0x00007fffdcdd84e0   rip = 0x0000000000532308
    Found by: stack scanning
80  libc-2.28.so + 0x66a1b
    rsp = 0x00007fffdcdd8550   rip = 0x00007f8705336a1b
    Found by: stack scanning
81  libc-2.28.so + 0x93968
    rsp = 0x00007fffdcdd8570   rip = 0x00007f8705363968
    Found by: stack scanning
82  libc-2.28.so + 0x66a1b
    rsp = 0x00007fffdcdd85c0   rip = 0x00007f8705336a1b
    Found by: stack scanning
83  ld-2.28.so + 0xd49c
    rsp = 0x00007fffdcdd8660   rip = 0x00007f8705e7449c
    Found by: stack scanning
84  ld-2.28.so + 0xd886
    rsp = 0x00007fffdcdd8690   rip = 0x00007f8705e74886
    Found by: stack scanning
85  libc-2.28.so + 0x11e60
    rsp = 0x00007fffdcdd86a0   rip = 0x00007f87052e1e60
    Found by: stack scanning
86  libc-2.28.so + 0x4000
    rsp = 0x00007fffdcdd86d8   rip = 0x00007f87052d4000
    Found by: stack scanning
87  xrun + 0x7ecf6
    rsp = 0x00007fffdcdd86e0   rip = 0x000000000047ecf6
    Found by: stack scanning
88  xrun + 0x15618
    rsp = 0x00007fffdcdd86f0   rip = 0x0000000000415618
    Found by: stack scanning
89  libc-2.28.so + 0x11e60
    rsp = 0x00007fffdcdd86f8   rip = 0x00007f87052e1e60
    Found by: stack scanning
90  xrun + 0x55f277
    rsp = 0x00007fffdcdd8760   rip = 0x000000000095f277
    Found by: stack scanning
91  libc-2.28.so + 0x9c176
    rsp = 0x00007fffdcdd87d0   rip = 0x00007f870536c176
    Found by: stack scanning
92  libc-2.28.so + 0x9a245
    rsp = 0x00007fffdcdd87f0   rip = 0x00007f870536a245
    Found by: stack scanning
93  libc-2.28.so + 0x98a3b
    rsp = 0x00007fffdcdd88b0   rip = 0x00007f8705368a3b
    Found by: stack scanning
94  xrun + 0x55ceec
    rsp = 0x00007fffdcdd88e0   rip = 0x000000000095ceec
    Found by: stack scanning
95  xrun + 0xb4d84
    rsp = 0x00007fffdcdd8930   rip = 0x00000000004b4d84
    Found by: stack scanning
96  libc-2.28.so + 0x93968
    rsp = 0x00007fffdcdd89c0   rip = 0x00007f8705363968
    Found by: stack scanning
97  libc-2.28.so + 0x937e0
    rsp = 0x00007fffdcdd89d0   rip = 0x00007f87053637e0
    Found by: stack scanning
98  libc-2.28.so + 0x91b49
    rsp = 0x00007fffdcdd8a10   rip = 0x00007f8705361b49
    Found by: stack scanning
99  libc-2.28.so + 0x666f0
    rsp = 0x00007fffdcdd8a50   rip = 0x00007f87053366f0
    Found by: stack scanning
100  libc-2.28.so + 0x88645
    rsp = 0x00007fffdcdd8b10   rip = 0x00007f8705358645
    Found by: stack scanning
101  libpthread-2.28.so + 0x12940
    rsp = 0x00007fffdcdd8b28   rip = 0x00007f8705c59940
    Found by: stack scanning
102  xrun + 0x726cb2
    rsp = 0x00007fffdcdd8b70   rip = 0x0000000000b26cb2
    Found by: stack scanning
103  xrun + 0x55f277
    rsp = 0x00007fffdcdd8b80   rip = 0x000000000095f277
    Found by: stack scanning
104  xrun + 0x7263ad
    rsp = 0x00007fffdcdd8b90   rip = 0x0000000000b263ad
    Found by: stack scanning
105  xrun + 0x726cb2
    rsp = 0x00007fffdcdd8ba0   rip = 0x0000000000b26cb2
    Found by: stack scanning
106  xrun + 0x55c2c7
    rsp = 0x00007fffdcdd8bb0   rip = 0x000000000095c2c7
    Found by: stack scanning
107  xrun + 0x55b3e0
    rsp = 0x00007fffdcdd8be0   rip = 0x000000000095b3e0
    Found by: stack scanning
108  xrun + 0x55f277
    rsp = 0x00007fffdcdd8c60   rip = 0x000000000095f277
    Found by: stack scanning
109  xrun + 0x5683f4
    rsp = 0x00007fffdcdd8ca0   rip = 0x00000000009683f4
    Found by: stack scanning
110  libc-2.28.so + 0x93968
    rsp = 0x00007fffdcdd8d70   rip = 0x00007f8705363968
    Found by: stack scanning
111  libc-2.28.so + 0x93968
    rsp = 0x00007fffdcdd8dc0   rip = 0x00007f8705363968
    Found by: stack scanning
112  libc-2.28.so + 0x66a1b
    rsp = 0x00007fffdcdd8e10   rip = 0x00007f8705336a1b
    Found by: stack scanning
113  libc-2.28.so + 0xa0082
    rsp = 0x00007fffdcdd8e80   rip = 0x00007f8705370082
    Found by: stack scanning
114  libc-2.28.so + 0x4000
    rsp = 0x00007fffdcdd8ed8   rip = 0x00007f87052d4000
    Found by: stack scanning
115  xrun + 0x4b9f6
    rsp = 0x00007fffdcdd8ee0   rip = 0x000000000044b9f6
    Found by: stack scanning
116  xrun + 0x141d8
    rsp = 0x00007fffdcdd8ef0   rip = 0x00000000004141d8
    Found by: stack scanning
117  libc-2.28.so + 0x11e60
    rsp = 0x00007fffdcdd8ef8   rip = 0x00007f87052e1e60
    Found by: stack scanning
118  xrun + 0x173d8
    rsp = 0x00007fffdcdd8f00   rip = 0x00000000004173d8
    Found by: stack scanning
119  libc-2.28.so + 0x6e888
    rsp = 0x00007fffdcdd8fa0   rip = 0x00007f870533e888
    Found by: stack scanning
120  libc-2.28.so + 0x9a245
    rsp = 0x00007fffdcdd8fd0   rip = 0x00007f870536a245
    Found by: stack scanning
121  libc-2.28.so + 0x9c3ba
    rsp = 0x00007fffdcdd9090   rip = 0x00007f870536c3ba
    Found by: stack scanning
122  libc-2.28.so + 0x85da1
    rsp = 0x00007fffdcdd90b0   rip = 0x00007f8705355da1
    Found by: stack scanning
123  xrun + 0x4f938b
    rsp = 0x00007fffdcdd90d0   rip = 0x00000000008f938b
    Found by: stack scanning
124  xrun + 0x55d12d
    rsp = 0x00007fffdcdd90f0   rip = 0x000000000095d12d
    Found by: stack scanning
125  xrun + 0x132308
    rsp = 0x00007fffdcdd9100   rip = 0x0000000000532308
    Found by: stack scanning
126  xrun + 0x336772
    rsp = 0x00007fffdcdd9160   rip = 0x0000000000736772
    Found by: stack scanning

Loaded modules:
0x00400000 - 0x00fc5fff  xrun  ???  (main)  (WARNING: No symbols, xrun, 99683607EEE179A37177CF8789DA41220)
0x7f87051c6000 - 0x7f8705255fff  libxmjudy.so.1.0.3  ???
0x7f870525f000 - 0x7f87052b2fff  libcbreakpad.so  ???  (WARNING: No symbols, libcbreakpad.so, B7E2589FA42BEAC90FB1C5EEB35368C40)
0x7f87052d0000 - 0x7f870549cfff  libc-2.28.so  ???  (WARNING: No symbols, libc-2.28.so, 472F348DE1B7067A75AA81230629EB080)
0x7f87056a7000 - 0x7f87056bafff  libgcc_s.so.1  ???
0x7f87056c1000 - 0x7f8705841fff  libm-2.28.so  ???
0x7f8705a43000 - 0x7f8705a45fff  libdl-2.28.so  ???
0x7f8705c47000 - 0x7f8705c61fff  libpthread-2.28.so  ???  (WARNING: No symbols, libpthread-2.28.so, C35792D9A08E014060E3E8A7A67A53EE0)
0x7f8705e67000 - 0x7f8705e95fff  ld-2.28.so  ???  (WARNING: No symbols, ld-2.28.so, 711AE50A97B47ABE3FDC10E953516EDB0)
0x7f8705ea3000 - 0x7f8706021fff  libstdc++.so.6.0.28  ???
0x7fffdcdf2000 - 0x7fffdcdf3fff  linux-gate.so  ???

******BACKTRACE*****
use_backtrace() (libcbreakpad.so) [0x7f87052931a3]
cbpad_generate_dump_on_demand (libcbreakpad.so) [0x7f8705293630]
<unknown> (xrun) [0x97f184]
<unknown> (xrun) [0x981477]
<unknown> (xrun) [0x52fe9d]
<unknown> (xrun) [0x55bc07]
<unknown> (xrun) [0x4b4d84]
<unknown> (xrun) [0x4d2fed]
<unknown> (xrun) [0x560820]
<unknown> (xrun) [0x4a74c9]
<unknown> (libc.so.6) [0x7f870530a7e5]
<unknown> (xrun) [0x4a74f9]
******BACKTRACE END*****