xrun(64): 24.03-s005: (c) Copyright 1995-2024 Cadence Design Systems, Inc.
TOOL:	xrun(64)	24.03-s005: Started on Sep 30, 2025 at 12:00:07 -03
xrun
	../tb/tb.sv
	../rtl/ShiftMatrix.sv
	../rtl/accumulator.sv
	../rtl/systolicMatrixMultiply.sv
	-mce_sim_thread_count 32
	-mce_build_thread_count 32
	-access +rw
Recompiling... reason: file '../tb/tb.sv' is newer than expected.
	expected: Tue Sep 30 11:59:15 2025
	actual:   Tue Sep 30 12:00:05 2025
file: ../tb/tb.sv
	module worklib.tb:sv
		errors: 0, warnings: 0
		Caching library 'worklib' ....... Done
	Elaborating the design hierarchy:
	Top level design units:
		tb
	Building instance overlay tables: .................... Done
	Generating native compiled code:
		worklib.tb:sv <0x48cba59e>
			streams:  17, words: 25223
	Building instance specific data structures.
	Loading native compiled code:     .................... Done
	Design hierarchy summary:
		                  Instances  Unique
		Modules:              1,604       4
		Registers:            9,684      78
		Scalar wires:         1,609       -
		Vectored wires:      25,935       -
		Always blocks:        1,607       7
		Initial blocks:           1       1
		Cont. assignments:   13,128      17
		Pseudo assignments:   9,612       -
		Process Clocks:       1,603       2
	Writing initial simulation snapshot: worklib.tb:sv
Loading snapshot worklib.tb:sv .................... Done
SVSEED default: 1
xcelium> source /usr/local/cadence/XCELIUM2403/tools/xcelium/files/xmsimrc
xcelium> run
xmsim: *W,LMTMSG: packed array at "tb.DUT_MatrixMultiplyM0.aa_shiftM.A26" of 12640 elements exceeds limit of 4096 - not probed
 Use 'probe -create -packed 12640' to adjust limit.
xmsim: *W,LMTMSG: packed array at "tb.DUT_MatrixMultiplyM0.bb_shiftM.A26" of 12640 elements exceeds limit of 4096 - not probed
 Use 'probe -create -packed 12640' to adjust limit.
Resetando...
Operadorando 1

10  13  12   2  14   8   2   7  15   9  11   4  13  10   4   9  14   1   1  11  14  10  15  13   3  10   1   1  10  14   7   7  13  11  15   1  13   6   5   3  

11  12  13   7   2  10   5   9   4   3  13   5   1   6   6   9   5  12  14   9   5  15   6   1  13   2  10  15   4   7   7   9   1  13  12   5   1   8  13  14  

14   9  10  15   1   6   7  11   7   6   4   8   1   6   3   1   9  12   4   4   3   8   9   7  10   9  11   4  14   3   2  14  11  15   7   6   1   9   3  15  

15   3  10  13  12   2  14   2   5  11   1   9   1   8   5   1  11   7  13  14   4  13   1   5  11  15  15   4  15   4   4   6  11  13  11  12   3  10  11   8  

 2  12  15  12  11   8  15   5  12   4  12   4  12   8  10   7  11   4   4  12   7   7  12  14   6   4  15   4  15  12   5   5   6   5   9   1   4   6  13  14  

10   7   7  14   1  14   9   5  14   8  10   7   6   8   7   7   8   2  15   4   9   8   1   3   7   4   9   3   3   3   1  14  13   6   8   8   1   1  13   5  

 2   3   1   8   2   2   6   9  11   9   2   4   7   7   7   1  14   7  14   1   4   4   8   1   9   3  13   4   4  14  11  15   8  12  15  10   5   7  10   8  

 9   7   9   3  10  14  13   8  10   7   3   3   5   2  12   3   2   7  15   3   5  11   3  13  13   2  10   7   1   7   7  12   6  15   1   9   2   2   2  10  

12   4   5   1   6   6  14   3   6   1  13  15   3   3  14   9  15  15   1  10  12   3   9  15   1   7  13   1  11  13  14  12   9  10   3  13  11  11   1   2  

 3   6  13   7  13  13  10   5   2   3   5  11  10  10   1  10  14   5   2  14  11   8  12   9  11   6  12  10   4   2   4   7   4   5   1   3   7   8   1   8  

14   3   6  14   2  10   6   3   8  15   1   3  15   9   3  10   4  10   8   7  10  10  13  12   9   3   3   5   5   5   3   7   6   2  14   9  10   8   5   3  

 9   6   5   2  11   1   9   4   4   1   8   8   2   9   2   3   8   8  15  13   4  15  14   6   9   7   8   1  10  13   3  13   8   3  13   5   1  14   8  15  

 5   3   5  14   2   4   5   2   5   6  13   5   4   1   1  12   6   9   2   6   8  13   3   2  14   7   4  10   1  14   6   5  14   8  12   7   8   4  13   3  

 2   5  10  14   9   7   2   9  14   5   8   2  13  15   3  11   3   7  10   5   8   7  10   6   3  10   9   9  13   8   7  15   4   1   1   5   1   2   9  10  

 9  13  15   7   4   1   4   7  14   4   7   6   5  14   7  13  11  12   8  11   2  14   7   6   2   3  14   7   4   6  13   7   6  10   5   3   5  14   7  14  

15  12   2  11  10  14   6   2   9  15  15  15   5   6   7  11   8   8  11   4   1  11   2   8   5   6  15   4  12   7  14   8  13  15  10  11   1   7  11   3  

15   9   6  15  12   1   7  15   5   1   6  15  10   8   9   2  10  11   1  10   9   2   5   6  14   3   8  11   9  15   7  13   9   2   8   7  15   7  11  11  

 2  10  14   4   2   1  12  13   3  12  10   1   8  14  12  12  12   8   2   9   3   7  15  11   9   8  15  12   7   4   7   1  10   8  12  14   7  14   4   6  

 5   9  11   7   3  12   2   6   3   6   9   6   2  15   3  10  12   1   7   4   8   9  15   4  14   6  10   8  12   7   1   9  15  12  13  15   5  13   1   9  

12  15  10   5   8   4   5   9  15  11   4  12   3  10  13   6  15   2   1  10  13  13   1  15   9   1   2   4   1   7   1  14   3  10   6   8   6   5  13   4  

 1  15  13  15   8   5  11   6  12  11  13   6  15   8   2   8   3   9   3   7   2   2  15   3  11  12  12   1   1  14   9   5   9   4  10   1  10   6  14  12  

 2  13  12   6  13   6   5  13   7   5   4  10   7   1   3   2   3  13   5   6   1  13   7   5   6  13   7   3  10  12   5  12   7   9   4   5  10   5  11   2  

 6  12   8   3   9   6  12  13  12  14   8  11   9  15   7  11   2  12   4  10  15   4  11   5   2   4  12   8   7   4  15  10   5  11   5   8  11  10  12   6  

 1   8  12  14  12  14   5  15   3   7  14   2   6  10   4  14   7  11   5   1   8   1  12   7   3   7  14  14  15   5   8   1   2   5  10   7  15   9   2   1  

14  10   7  14   8   1  13   7   6   6   1  15  10  13   3   6   1  13  15   3  12  15   9   6   6  14  10  11  13   6   2   8  15   4  14   6  11   5   9  15  

 6   1   9  15  13  13   8  11  13  12   7  14   5   9   6   5  15   1  10   6   1   1   4   3   8   2   9  13  10  14  13   6   4   2   8   5   3   3  14   8  

 3  10   6   9  13   7   2   7   4  14   1  15   1   6   7  12   4   1  12   2  10   3  14  15   7   3   1   6  10   8   9  14  10   6   2  12   6   2  10  14  

10  14  15  11   5   1  15   4   8   6   2   1  10  13   4  11   4  15   6  12  11  14  12   3   6  13   2   9  10  10   9   9  14   7   6   5  15   3  14  14  

 6  14   2   2   8   7  11  14   1   4   5   6   1   7   2  10   4  13   8   2   8   3  15  10  14   4  12  10   3  13   8  12   7  11   8  13   3  12  13   4  

 8  14   6   5  13  12  10   4   1  13  14  14  11   6   6  13   8   8   6   4  12  12  11  10   6  12   4   4   3   8  14  15  15  15   6   6  15  15   7  12  

11   8  15   1   9   7  10   3   8   1   5  12   7   4   7   5  14   6   8   2   3   3  11   2  11  11   3  12  10  10  10  10  14  10   5   2  12  15   5  12  

 1   7   7   6   1   3   5   4  14   1   4   2  13  10  11  14  10   5   4   5  11   3  10  11  15   4   7   4   1  15   3   7  14   1   1  14   6  10  15   9  

 7  15  10  15   6   7   8   2  10  10  11   9  15  11   8   6   5   1   8   7  15  12   7   4  13   9  14   8   1   5   6  14   6   2  11   2   2   5  15   7  

 9   6  15  11  10   8   8   6   3  15  14   4   8   5   4   2  12   2   5   2   9  13  15   1   7   2   1   7   1   8   7  13   8  15  13   5   8  15  14  14  

10   7  13  14   2   4   1  15   9  13   8   6   3  10   2  12  12  12   6   7  13   2   1  14  12   7   2  14   8   4  11   6   4   8   6  14   7  13   1   7  

12  14   9   3   6  11   8   6   5   3  10   1   9   9  11  10   5   9  12   3   5  10  10  14  11  12   6  11  10  15  14   8   5  15  11  12   7   7  10   2  

11   3  15   4   3   4   5   6   9  10  13   8   4   6   5   5   8  10   1  12  10  15   2  15   3   3  10  14  15  12   2   6  11   5   7  13   2   3   2   9  

12  13  13   1   4   2  14   4  15  14   7  13   7  14  10   4  12  13   3   4   3   3  11  14   2   3  11   6   5   9   6   6  13  11   2   5   4   2   9   3  

 4   3   3  15  11  10  14   1  14  12  11   5   5  14  13   4   3  11   5   4   1   8  13  15  10  11  14  15   6   6   8   2   8  11   7  12  13   1   8   1  

13   1  11  14   2   3  11   3   3   4  11   4   9   9   5  11  10  15   5   1   7   1   6  15   6   3   9   5  11   2   3   1   1  10   4   1  10   5  15   6  

Operadorando 2

 4   9   9  13   8   7   1  13   4   1   1  11   8   2  12   2   9   3   8  15  12   1  13  15   3  13  11   5   6  12   7   3  11   1  14  15   5   4  14   8  

 1  13   5  14  15  14   8   2   2   3  12  13   5   7  12   1   7   2   1   6   1   7  10   9   1  12   8   6   7   3  10  15   7   6   5  13   8  11   5  11  

13  15  12  12   3   6  15   6  13   7   4   2   5  13   4   5   6  14  13   3   2  13   3  12   7   3   3   6  11   2  13  15   9  12   1  13   3   7   6  15  

 4  14  15  14   4  14   9  14   7   6   6  13   1   2  14  12  12   8   9   6  14   4   5  15   1  11  15  10  10   5   9   4   8  13  10   9   8  10  12  13  

 7   9   3  11   3   4  13   6  15   6   2   4  12  14   9   3   1  12  10   9   7   2   5   9  14  11  11   4  12  14  14   6   4  13  13   7   3   2  15   6  

 8  15   5   5   2   9   1   7   8   5   2   7   6  13   5   8  15   5   1   7  11  15  15   5   8   7  10  11   3  11  14   1   1  10  11   6  14   8   4  12  

 8  15   1   4   9  15   6  12   4  10  10   8   6   9   4  12   4  13   8  15   4   4  12  14  10   6  14  10   6  13  12   8   2   3  14   7  15   2   2  11  

13   6   5   8   9  15   4  15  14   8   2  15   8   8  13   7  10   8   1  12  12  14  11  11  13  15   9   4   2   9   1  12   4   5   2   4  12   5  15  15  

 3   2  12  13  13  13  11   7   6   3   7  15   2   3   3  15  11  13   8  15   6  13   6  11   3   2   8  13  13  10   4   8  15  12  11   4   9   2   9   5  

14   3   6   1   7  13  10   7   6  11   6  12   3   9   6   2  14   9  13  10  15   8  11  11  13   1   4   3   5  10   9   4   6   2   9   9  15   1  15  15  

10  11  10  15  12  11  14   5   4  12   2   5   9   7  10   8  10  11   1  12   5  15  10   5   5   3   7   5  12  14  10  15   6  13  15   2  10   1  15   3  

 3  10  15   8   4  15   6  15  12   4   1   4   6   9  14  11  15  14  12   5   7   3  14   2  10  10   4   3   3   4   4  13   2   4   8   1   9   9  12   4  

 4   5   3   9   6   5   8  15   3  10  14  13   3   4  11  11  13   9   1  12   6  10   1   7   5  12  13   7  13   3   5   2   3   5   6  15   5   8   5   1  

15   1  10  12   1  14  10   1  13   9   8  14  15   2   7   4  14   5  13  15   3  10   9   5   4  12   7  11   5  12  14  10  10  10   9   1  15  13   7   8  

12   9  12  15  11  13   5   3  12   8   2  15   1   2  14   5  10  13   7  13  13   1  13   1   2   6   4   8   6  15  13   3   7   7   4   2   9  13   4   1  

 8   2  14   5   9   5   7   8  10  11  11   5   1   9  10   8  10  15  15   1   4  14   6   6  15   2   1   4  15   8   2  13  10   6   4   6   7   9   5   4  

 6   8   3  12   5   6   5  14   5   8  15   1   9  10   5   7   5   6   2   9   4   7   5  15   4   2   1   4  13   1   9  12   6  14   6   3   6   7  10  14  

 5  12  11   2   3  13   9  10  11   7   5   4   7   3  10  15  14  11   2   4   5  15   1   6   1  12  14   7   9  15   8   8   6   1   9   9  14   7   8   2  

12   7   2   6  11   6   3   9  12   8   4   8  14   4  12   9   6  11   6  10  14  13   8   8   4   6  15   7   8  12  15   8  11  11   1   2   7   9   9   4  

 1   7   4   1  13   7  12  14   1   5  10   2   6   8   1   5   2   2   4  11   9   2  14  10   9  11  11   1   4  14   9  15   8  11   8  12   7  12   6   6  

 7   3  13  11  15   7  14  11  15   8  12  11  11   5  10   8   8  10  10  12   8  13   8  10  12  10  11   8  14  14  11   3   1   5   7   8   3   7  11  13  

 3  13   5  11   7   3   4   2   6   3  12   3   9   6   4   7   5   7   9   2   4   9  15   4   4   1   1   7   8   9   7  15   6  12   4  11   7   1  12   2  

 2   1   3   5  13  12  14   5  14  14   3  11   8  14  12   2  11  12  10  10   3  10   9  14   8  15   3  15   8   2   5   8   5  10   8  15   2  15   4   4  

 7   6  13  11  12  14   3   6  14  13   5   2  14   1   6   4   5   5   1  13  15  15  13   3   2  12  14   7   6   3   9  10   3   9   2  15   1   7   1   1  

13   5  11   2   2   1  11   5   1   5  13  10  14   6   9  15   8  12  13  15  10   3  10  15  15   3   4   9   1   5   8  10   4   8   4   5  14  12  11  14  

 5   4   5   6  13   9   3  14   8  13  10   7   8   6   6  12  11  14  12   6  14  14   7  10  13   4   7   6   9  13   1   7   3   4  15   9   7  10   1   4  

13   1   7  10   8   8   7  12   1   1  12  12   9   1   4   6  10   5   5  12   7  13   6   1  10   2   1  11  12   8   9   7   6   4   6  14   2   6   2   9  

 7  12  14   8  15  11   4   5   3  15  10   6   5   7   3  14  15  11  10  10   2  14  13   9  11   7   7  10  12   6   3   8   3   5   2  13   2  14  14  12  

13   9   6   8   5   4   8   7   4  10   1   2  13   8   8   3  15   2   6  10   3   8   9  13   1   6  13   9  10   1  11   2   9   1   2   7   9  14  10   7  

 2   8  15   4   6   3  11   3  10   4   6   6   3   7   6  13   2  13  14   4   1  11   1  13   3   8   2   7  11   7  13   2  11   9   4   2   6  10  14  13  

15  12  14   9  11  13  11  14   8  10  12   4  10   5  11   2   7  11   7   5   1  12  15  12   3   9  14   7   6  10   4   2   1  14  12   4  10  13  12   1  

 6   3   1  14  15   7   3   3  13  13  10   3  14   7   1   1  15   5  14   7   9   9  12   2  14   2   5   9   2   5   7   7   9   2   2   6   3   3  14  14  

 6   8  14   2   4  10   7  14   7  15  14   3   9   4   2  15  10  11  15   3   9   1   3  14   2  15  15   3   7  12  13   8   8  15  12   7   3   4   3  13  

 6  12   5  15   3  12   3   4  14   1   9   8  12   7   4  12   1  14  12   3   2   7  11   8  14  14  14  12   6   1  12   7   3   1   9  12   4  12   6   9  

10  10   8   8   9  10  13   2   9   6   2   6   1   9   1   8   7   9   9   7   9  12   5  10   5  14   2   8  11   3  11  14   4  15   9  13   5   2  13   2  

 8  14   5   4  12  14  11  13  15   5  12  15  10  12   8   6   2  14  14   7   5   9   7   8   8   8   7   6  10   5  14  15   6  11   8  14   4   5   3  15  

 9  13  15   1  14   4  13  11   9  14   7  12   6   8   9   6  11  13   2   2   3  14  11   2   4  15  15   7  15  11  10   4   4   5   1  14   2   5  14   9  

15  14   5   5  12  13   3  12   4  15   8  12   2  12  13  10   3   1   3   1  11  13  10   8   3   1  12  14  12   2  10   3  13  15   8  11  14   5   3   3  

15   9  14   1  11   1   5  11   2  14  14   5   7  15   2   3  12  11  15   7  11   9  13  11   7   8  12  12  12   5   7   7   6   2   4  11  13  14   5   1  

 3  12  15   2   6   9  13  13   8   3  10  15   4  14  13   4   9   8  15   5   3   8  10   3   5   6  15   8  12   1  11   6  15  15   5   5   4  14   3  13  

Resultado DUT

 2469   2714   2891   2904   2969   3002   2948   2774   2909   2821   2556   2604   2519   2550   2461   2423   2880   3126   2730   2807   2274   3253   2912   3132   2269   2932   2812   2513   3122   2589   3072   2779   2181   2924   2516   2992   2271   2515   2975   2623  

 2556   2935   2756   2575   2676   2819   2447   2532   2430   2323   2422   2507   2337   2404   2399   2394   2769   2883   2681   2519   2126   3079   3003   2700   2230   2351   2584   2506   2692   2342   2848   2786   2144   2563   2090   2674   2430   2612   2749   2536  

 2250   2634   2485   2510   2334   2916   2209   2668   2417   2214   2217   2456   2322   2119   2309   2280   2743   2559   2559   2425   2177   2642   2671   2711   2002   2377   2647   2374   2390   2013   2669   2413   2082   2293   2147   2588   2196   2364   2422   2663  

 2712   2950   2645   2569   2611   2963   2503   3085   2535   2471   2608   2546   2635   2404   2350   2533   2726   2980   3000   2776   2570   2730   2993   3100   2334   2493   2936   2486   2803   2575   3166   2715   2223   2625   2522   2911   2495   2523   2683   2722  

 2667   2925   2970   2847   2868   3088   2937   2912   2618   2729   2628   2708   2439   2586   2548   2470   2970   3074   2722   3001   2300   3189   2969   3036   2183   2639   2937   2727   3152   2472   3206   2777   2302   2912   2379   2920   2488   2797   2637   2658  

 2246   2357   2404   2404   2366   2597   2079   2471   2228   2170   2237   2357   2107   1948   2016   2210   2677   2613   2483   2481   2263   2557   2553   2482   1940   2070   2411   2189   2368   2291   2650   2317   1929   2292   2081   2204   2188   2027   2356   2422  

 2356   2263   2323   2214   2390   2609   2222   2443   2350   2208   2324   2418   2126   2005   2043   2212   2452   2688   2492   2330   1999   2664   2370   2528   1922   2178   2312   2302   2432   1987   2585   2153   1904   2329   1907   2207   2090   2189   2460   2362  

 2220   2510   2275   2372   2324   2651   2027   2293   2466   2013   2139   2362   2292   1961   2120   2179   2326   2708   2360   2488   2105   2582   2698   2319   2096   2127   2520   2215   2190   2281   2717   2203   1785   2202   1933   2332   2056   2110   2267   2410  

 2477   2841   2840   2706   2911   3188   2557   3025   2841   2666   2427   2398   2531   2262   2559   2429   2732   3059   2492   2678   2170   3041   2968   2684   2128   2608   2802   2406   2846   2669   2976   2556   1990   2497   2477   2683   2288   2448   2605   2439  

 2170   2428   2364   2303   2333   2594   2379   2619   2348   2334   2335   2190   2243   2260   2199   2161   2537   2597   2293   2439   1921   2700   2629   2463   2258   2232   2364   2184   2512   2169   2571   2443   1700   2417   2034   2519   2037   2332   2296   2452  

 2247   2385   2508   2190   2477   2689   2364   2544   2406   2435   2194   2509   2043   2034   2267   2203   2736   2629   2402   2500   2298   2800   2551   2646   1920   2448   2537   2283   2554   2234   2604   2234   1887   2334   2070   2770   2174   2149   2487   2277  

 2231   2493   2317   2234   2533   2562   2412   2492   2408   2341   2233   2214   2382   2319   2235   2140   2402   2572   2598   2421   2078   2662   2655   2611   1960   2275   2472   2300   2538   2212   2802   2550   2173   2632   2095   2428   2161   2302   2466   2213  

 2009   2384   2619   1943   2215   2242   2218   2296   1983   2199   2268   1958   1827   1927   1856   2350   2326   2698   2470   1951   1844   2490   2259   2491   1876   2057   2163   1976   2439   2089   2308   2253   1656   2224   1962   2253   1972   1991   2416   2164  

 2300   2201   2520   2470   2488   2620   2399   2481   2467   2452   2249   2415   2238   2060   2245   2127   2885   2675   2538   2516   2030   2960   2450   2502   2019   2174   2508   2335   2639   2244   2491   2251   2055   2348   1969   2321   2124   2417   2453   2320  

 2525   2760   2858   2725   2720   3049   2572   2760   2528   2432   2587   2609   2269   2268   2484   2319   2748   2838   2620   2484   2012   3106   2858   2665   1988   2381   2663   2493   2897   2373   2800   2774   2379   2767   2195   2697   2372   2576   2559   2397  

 2826   3084   2982   2945   2805   3331   2552   3035   2710   2628   2593   2683   2640   2446   2658   2578   3147   3177   2915   2816   2582   3136   3252   2992   2328   2661   2985   2593   2925   2739   3201   2788   2230   2748   2764   2857   2720   2577   2985   2622  

 2574   2969   3193   2679   2850   3056   2803   3170   2714   2699   2561   2821   2491   2427   2779   2588   3100   3094   2805   2889   2381   2911   2993   3033   2265   2979   3020   2496   2922   2581   2974   2629   2196   2628   2302   2811   2441   2736   3158   2897  

 2896   2808   2789   2591   2909   3336   2776   2864   2686   2900   2689   2845   2390   2474   2532   2476   2860   3104   2697   2816   2248   3267   2924   2935   2326   2612   2609   2579   2959   2442   2983   2971   2118   2796   2304   3034   2498   2653   2505   2700  

 2598   2689   2639   2539   2560   2940   2592   2575   2686   2574   2493   2619   2510   2476   2377   2410   2794   2864   2851   2514   2127   3007   2780   2839   2267   2469   2456   2535   2735   2144   3049   2752   2138   2808   2203   2706   2262   2550   2548   2862  

 2298   2532   2678   2751   2701   2836   2341   2460   2590   2277   2418   2487   2296   2195   2223   2103   2583   2739   2595   2678   2267   2645   2955   2587   2161   2347   2383   2236   2521   2292   2748   2691   2011   2368   2016   2545   2253   2240   2691   2560  

 2477   2690   2921   2413   2705   2982   2931   2860   2427   2663   2587   2783   2109   2461   2514   2515   2957   3167   2751   2612   2187   3095   2621   2956   2193   2606   2752   2543   2943   2428   2810   2604   2134   2707   2449   2773   2501   2576   2601   2546  

 2117   2521   2308   2217   2359   2494   2211   2418   2376   2250   2106   2109   2147   2168   2097   2144   2499   2692   2311   2093   1940   2687   2458   2441   2001   2301   2412   2106   2379   2143   2445   2340   1747   2088   1906   2452   2082   2145   2447   2232  

 2909   2842   3014   2756   3125   3449   2902   3085   2948   2895   2705   2998   2579   2571   2723   2451   3216   3263   2868   2942   2317   3402   3248   2910   2559   2873   3077   2715   3021   2847   3018   2753   2156   2554   2532   2954   2727   2732   2923   2707  

 2718   2722   2712   2533   2617   2974   2629   2658   2645   2706   2109   2567   2240   2338   2537   2307   2944   2894   2243   2512   2073   3361   2635   2676   2174   2554   2640   2443   2932   2403   2761   2446   1829   2496   2152   2710   2293   2445   2712   2530  

 2661   3047   3171   2725   2974   3277   2809   3223   2932   2866   2710   2960   2677   2468   2817   2798   3372   3321   3183   2902   2566   3238   3094   3100   2340   3043   3252   2720   3152   2787   3175   2843   2355   2719   2520   3110   2527   2781   2986   2799  

 2623   2667   2815   2456   2415   2830   2486   2806   2432   2437   2222   2442   2197   2394   2341   2343   2890   2936   2676   2707   2238   2819   2797   2897   2162   2307   2559   2353   2670   2327   2764   2352   2020   2626   2210   2242   2471   2501   2898   2644  

 2328   2419   2713   2275   2575   2796   2415   2536   2828   2526   2197   2391   2373   2367   2458   1948   2723   2874   2837   2362   2193   2676   2802   2527   2205   2441   2605   2203   2460   2102   2715   2338   1925   2385   1901   2374   2040   2508   2521   2542  

 2586   3084   3180   2597   3050   3107   2990   3092   2808   2964   2960   2819   2547   2592   2608   2651   3175   3357   3172   2735   2227   3248   3047   3248   2294   2964   3241   2696   3192   2804   3127   2838   2378   2725   2467   3155   2558   2916   2834   2844  

 2537   2598   2568   2295   2743   2953   2365   2585   2650   2566   2468   2547   2481   2380   2399   2336   2628   2902   2647   2530   2127   3030   2807   2742   2359   2588   2593   2510   2550   2271   2747   2564   1881   2312   2115   2689   2356   2511   2503   2565  

 2878   3344   3224   2968   3265   3521   2962   3314   3212   3243   2994   2944   2833   2906   3016   2749   3307   3571   3167   2778   2607   3538   3512   3097   2724   3039   3363   2796   3262   2931   3388   2939   2275   3036   2843   3185   2739   2820   3140   2930  

 2438   2858   2739   2443   2606   2790   2447   2801   2514   2670   2414   2389   2320   2475   2443   2488   2759   3016   2701   2402   1994   2843   2768   2870   2119   2436   2743   2447   2776   2224   2812   2386   2099   2596   2222   2565   2216   2566   2586   2579  

 2250   2213   2750   2117   2540   2524   2410   2546   2334   2476   2614   2526   2049   2081   2201   2339   2495   2823   2604   2423   2000   2723   2336   2548   1896   2185   2369   2306   2681   2102   2588   2314   2038   2474   1858   2367   2087   2406   2060   2345  

 2580   2628   2851   2823   2893   2928   2684   2763   2435   2608   2747   2788   2360   2295   2465   2430   3096   2986   2853   2895   2456   3008   2961   2833   2349   2418   2622   2586   2867   2539   2885   2682   2087   2644   2357   2794   2462   2547   2775   2606  

 2614   2996   2702   2638   2708   2918   2706   2696   2684   2718   2505   2632   2306   2741   2450   2301   2764   3043   2893   2474   2237   2987   2958   2972   2315   2508   2729   2595   2892   2235   3032   2577   2115   2821   2362   2835   2378   2394   2920   2758  

 2684   2770   2970   2596   2752   3176   2574   2921   2731   2644   2449   2663   2392   2236   2600   2481   2851   2916   2595   2640   2349   3224   2845   2919   2242   2484   2803   2335   2779   2360   2736   2671   2092   2606   2172   2700   2431   2495   2846   2825  

 2837   3090   2970   2902   3078   3189   2644   2766   2929   2852   2671   2766   2737   2485   2665   2609   2968   3321   2859   2881   2382   3465   3199   3073   2336   2852   2990   2772   3000   2665   3188   2788   2156   2721   2438   3069   2559   2888   2847   2600  

 2259   2633   2754   2468   2525   2779   2472   2547   2432   2324   2233   2185   2269   2095   2080   2286   2634   2694   2534   2539   2013   2868   2666   2582   1944   2250   2420   2125   2668   2298   2759   2631   2024   2430   2048   2640   2028   2190   2596   2545  

 2358   2491   2708   2586   2520   3117   2415   2592   2530   2447   2332   2457   2291   2077   2239   2276   2794   2908   2562   2728   2036   2751   2695   2700   1950   2506   2548   2328   2569   2378   2776   2551   2012   2246   2276   2589   2311   2344   2405   2435  

 2681   2816   2972   2654   2794   3295   2676   2719   2718   2775   2463   2811   2495   2218   2423   2666   3062   3312   2753   2966   2400   3138   3023   2813   2256   2695   2886   2716   2873   2785   3020   2579   1945   2606   2560   2895   2494   2596   2676   2497  

 2253   2323   2519   2186   2107   2415   2079   2423   2105   2250   1962   2082   1993   1821   2136   2014   2495   2476   2060   2300   1910   2606   2303   2344   1668   2179   2516   2136   2500   1964   2375   2034   1692   1874   1848   2391   2022   2180   2123   1939  

Resultado REFMOD

 2469   2714   2891   2904   2969   3002   2948   2774   2909   2821   2556   2604   2519   2550   2461   2423   2880   3126   2730   2807   2274   3253   2912   3132   2269   2932   2812   2513   3122   2589   3072   2779   2181   2924   2516   2992   2271   2515   2975   2623  

 2556   2935   2756   2575   2676   2819   2447   2532   2430   2323   2422   2507   2337   2404   2399   2394   2769   2883   2681   2519   2126   3079   3003   2700   2230   2351   2584   2506   2692   2342   2848   2786   2144   2563   2090   2674   2430   2612   2749   2536  

 2250   2634   2485   2510   2334   2916   2209   2668   2417   2214   2217   2456   2322   2119   2309   2280   2743   2559   2559   2425   2177   2642   2671   2711   2002   2377   2647   2374   2390   2013   2669   2413   2082   2293   2147   2588   2196   2364   2422   2663  

 2712   2950   2645   2569   2611   2963   2503   3085   2535   2471   2608   2546   2635   2404   2350   2533   2726   2980   3000   2776   2570   2730   2993   3100   2334   2493   2936   2486   2803   2575   3166   2715   2223   2625   2522   2911   2495   2523   2683   2722  

 2667   2925   2970   2847   2868   3088   2937   2912   2618   2729   2628   2708   2439   2586   2548   2470   2970   3074   2722   3001   2300   3189   2969   3036   2183   2639   2937   2727   3152   2472   3206   2777   2302   2912   2379   2920   2488   2797   2637   2658  

 2246   2357   2404   2404   2366   2597   2079   2471   2228   2170   2237   2357   2107   1948   2016   2210   2677   2613   2483   2481   2263   2557   2553   2482   1940   2070   2411   2189   2368   2291   2650   2317   1929   2292   2081   2204   2188   2027   2356   2422  

 2356   2263   2323   2214   2390   2609   2222   2443   2350   2208   2324   2418   2126   2005   2043   2212   2452   2688   2492   2330   1999   2664   2370   2528   1922   2178   2312   2302   2432   1987   2585   2153   1904   2329   1907   2207   2090   2189   2460   2362  

 2220   2510   2275   2372   2324   2651   2027   2293   2466   2013   2139   2362   2292   1961   2120   2179   2326   2708   2360   2488   2105   2582   2698   2319   2096   2127   2520   2215   2190   2281   2717   2203   1785   2202   1933   2332   2056   2110   2267   2410  

 2477   2841   2840   2706   2911   3188   2557   3025   2841   2666   2427   2398   2531   2262   2559   2429   2732   3059   2492   2678   2170   3041   2968   2684   2128   2608   2802   2406   2846   2669   2976   2556   1990   2497   2477   2683   2288   2448   2605   2439  

 2170   2428   2364   2303   2333   2594   2379   2619   2348   2334   2335   2190   2243   2260   2199   2161   2537   2597   2293   2439   1921   2700   2629   2463   2258   2232   2364   2184   2512   2169   2571   2443   1700   2417   2034   2519   2037   2332   2296   2452  

 2247   2385   2508   2190   2477   2689   2364   2544   2406   2435   2194   2509   2043   2034   2267   2203   2736   2629   2402   2500   2298   2800   2551   2646   1920   2448   2537   2283   2554   2234   2604   2234   1887   2334   2070   2770   2174   2149   2487   2277  

 2231   2493   2317   2234   2533   2562   2412   2492   2408   2341   2233   2214   2382   2319   2235   2140   2402   2572   2598   2421   2078   2662   2655   2611   1960   2275   2472   2300   2538   2212   2802   2550   2173   2632   2095   2428   2161   2302   2466   2213  

 2009   2384   2619   1943   2215   2242   2218   2296   1983   2199   2268   1958   1827   1927   1856   2350   2326   2698   2470   1951   1844   2490   2259   2491   1876   2057   2163   1976   2439   2089   2308   2253   1656   2224   1962   2253   1972   1991   2416   2164  

 2300   2201   2520   2470   2488   2620   2399   2481   2467   2452   2249   2415   2238   2060   2245   2127   2885   2675   2538   2516   2030   2960   2450   2502   2019   2174   2508   2335   2639   2244   2491   2251   2055   2348   1969   2321   2124   2417   2453   2320  

 2525   2760   2858   2725   2720   3049   2572   2760   2528   2432   2587   2609   2269   2268   2484   2319   2748   2838   2620   2484   2012   3106   2858   2665   1988   2381   2663   2493   2897   2373   2800   2774   2379   2767   2195   2697   2372   2576   2559   2397  

 2826   3084   2982   2945   2805   3331   2552   3035   2710   2628   2593   2683   2640   2446   2658   2578   3147   3177   2915   2816   2582   3136   3252   2992   2328   2661   2985   2593   2925   2739   3201   2788   2230   2748   2764   2857   2720   2577   2985   2622  

 2574   2969   3193   2679   2850   3056   2803   3170   2714   2699   2561   2821   2491   2427   2779   2588   3100   3094   2805   2889   2381   2911   2993   3033   2265   2979   3020   2496   2922   2581   2974   2629   2196   2628   2302   2811   2441   2736   3158   2897  

 2896   2808   2789   2591   2909   3336   2776   2864   2686   2900   2689   2845   2390   2474   2532   2476   2860   3104   2697   2816   2248   3267   2924   2935   2326   2612   2609   2579   2959   2442   2983   2971   2118   2796   2304   3034   2498   2653   2505   2700  

 2598   2689   2639   2539   2560   2940   2592   2575   2686   2574   2493   2619   2510   2476   2377   2410   2794   2864   2851   2514   2127   3007   2780   2839   2267   2469   2456   2535   2735   2144   3049   2752   2138   2808   2203   2706   2262   2550   2548   2862  

 2298   2532   2678   2751   2701   2836   2341   2460   2590   2277   2418   2487   2296   2195   2223   2103   2583   2739   2595   2678   2267   2645   2955   2587   2161   2347   2383   2236   2521   2292   2748   2691   2011   2368   2016   2545   2253   2240   2691   2560  

 2477   2690   2921   2413   2705   2982   2931   2860   2427   2663   2587   2783   2109   2461   2514   2515   2957   3167   2751   2612   2187   3095   2621   2956   2193   2606   2752   2543   2943   2428   2810   2604   2134   2707   2449   2773   2501   2576   2601   2546  

 2117   2521   2308   2217   2359   2494   2211   2418   2376   2250   2106   2109   2147   2168   2097   2144   2499   2692   2311   2093   1940   2687   2458   2441   2001   2301   2412   2106   2379   2143   2445   2340   1747   2088   1906   2452   2082   2145   2447   2232  

 2909   2842   3014   2756   3125   3449   2902   3085   2948   2895   2705   2998   2579   2571   2723   2451   3216   3263   2868   2942   2317   3402   3248   2910   2559   2873   3077   2715   3021   2847   3018   2753   2156   2554   2532   2954   2727   2732   2923   2707  

 2718   2722   2712   2533   2617   2974   2629   2658   2645   2706   2109   2567   2240   2338   2537   2307   2944   2894   2243   2512   2073   3361   2635   2676   2174   2554   2640   2443   2932   2403   2761   2446   1829   2496   2152   2710   2293   2445   2712   2530  

 2661   3047   3171   2725   2974   3277   2809   3223   2932   2866   2710   2960   2677   2468   2817   2798   3372   3321   3183   2902   2566   3238   3094   3100   2340   3043   3252   2720   3152   2787   3175   2843   2355   2719   2520   3110   2527   2781   2986   2799  

 2623   2667   2815   2456   2415   2830   2486   2806   2432   2437   2222   2442   2197   2394   2341   2343   2890   2936   2676   2707   2238   2819   2797   2897   2162   2307   2559   2353   2670   2327   2764   2352   2020   2626   2210   2242   2471   2501   2898   2644  

 2328   2419   2713   2275   2575   2796   2415   2536   2828   2526   2197   2391   2373   2367   2458   1948   2723   2874   2837   2362   2193   2676   2802   2527   2205   2441   2605   2203   2460   2102   2715   2338   1925   2385   1901   2374   2040   2508   2521   2542  

 2586   3084   3180   2597   3050   3107   2990   3092   2808   2964   2960   2819   2547   2592   2608   2651   3175   3357   3172   2735   2227   3248   3047   3248   2294   2964   3241   2696   3192   2804   3127   2838   2378   2725   2467   3155   2558   2916   2834   2844  

 2537   2598   2568   2295   2743   2953   2365   2585   2650   2566   2468   2547   2481   2380   2399   2336   2628   2902   2647   2530   2127   3030   2807   2742   2359   2588   2593   2510   2550   2271   2747   2564   1881   2312   2115   2689   2356   2511   2503   2565  

 2878   3344   3224   2968   3265   3521   2962   3314   3212   3243   2994   2944   2833   2906   3016   2749   3307   3571   3167   2778   2607   3538   3512   3097   2724   3039   3363   2796   3262   2931   3388   2939   2275   3036   2843   3185   2739   2820   3140   2930  

 2438   2858   2739   2443   2606   2790   2447   2801   2514   2670   2414   2389   2320   2475   2443   2488   2759   3016   2701   2402   1994   2843   2768   2870   2119   2436   2743   2447   2776   2224   2812   2386   2099   2596   2222   2565   2216   2566   2586   2579  

 2250   2213   2750   2117   2540   2524   2410   2546   2334   2476   2614   2526   2049   2081   2201   2339   2495   2823   2604   2423   2000   2723   2336   2548   1896   2185   2369   2306   2681   2102   2588   2314   2038   2474   1858   2367   2087   2406   2060   2345  

 2580   2628   2851   2823   2893   2928   2684   2763   2435   2608   2747   2788   2360   2295   2465   2430   3096   2986   2853   2895   2456   3008   2961   2833   2349   2418   2622   2586   2867   2539   2885   2682   2087   2644   2357   2794   2462   2547   2775   2606  

 2614   2996   2702   2638   2708   2918   2706   2696   2684   2718   2505   2632   2306   2741   2450   2301   2764   3043   2893   2474   2237   2987   2958   2972   2315   2508   2729   2595   2892   2235   3032   2577   2115   2821   2362   2835   2378   2394   2920   2758  

 2684   2770   2970   2596   2752   3176   2574   2921   2731   2644   2449   2663   2392   2236   2600   2481   2851   2916   2595   2640   2349   3224   2845   2919   2242   2484   2803   2335   2779   2360   2736   2671   2092   2606   2172   2700   2431   2495   2846   2825  

 2837   3090   2970   2902   3078   3189   2644   2766   2929   2852   2671   2766   2737   2485   2665   2609   2968   3321   2859   2881   2382   3465   3199   3073   2336   2852   2990   2772   3000   2665   3188   2788   2156   2721   2438   3069   2559   2888   2847   2600  

 2259   2633   2754   2468   2525   2779   2472   2547   2432   2324   2233   2185   2269   2095   2080   2286   2634   2694   2534   2539   2013   2868   2666   2582   1944   2250   2420   2125   2668   2298   2759   2631   2024   2430   2048   2640   2028   2190   2596   2545  

 2358   2491   2708   2586   2520   3117   2415   2592   2530   2447   2332   2457   2291   2077   2239   2276   2794   2908   2562   2728   2036   2751   2695   2700   1950   2506   2548   2328   2569   2378   2776   2551   2012   2246   2276   2589   2311   2344   2405   2435  

 2681   2816   2972   2654   2794   3295   2676   2719   2718   2775   2463   2811   2495   2218   2423   2666   3062   3312   2753   2966   2400   3138   3023   2813   2256   2695   2886   2716   2873   2785   3020   2579   1945   2606   2560   2895   2494   2596   2676   2497  

 2253   2323   2519   2186   2107   2415   2079   2423   2105   2250   1962   2082   1993   1821   2136   2014   2495   2476   2060   2300   1910   2606   2303   2344   1668   2179   2516   2136   2500   1964   2375   2034   1692   1874   1848   2391   2022   2180   2123   1939  

Test(%)  1600          0 

Sucess: 100.000000  %
Fail  : 0.000000  %
Operadorando 1

13   7  11   3  13   1  13   8  11   4  15   9   3   1   7   2   8   6  13   2   2   6  14   8  12  14  13  12  13   2  15  14  15   5   1   6  13   4  11  14  

 7  15  15  11  15   8   7  14   4  11  13   4   6  11  10   3   7  15   5  13  15  15   6  15   4   9  12   3  14   1   1   9   4   9   1  15  11   7   2   5  

 3   9   1  10   7   8   4  14  10  10   3   2   6  11  14  10   6   4   1   9   9  12  14  15   9  13  12  11  14   2   6   4  11   2   6  14  15   6  11  12  

15  11   9   2   6  13   5  11  15   4  10  12   2   3   9   7   7   6  13  15  12  14   5  12  13   1   6   9   3   3   2   9   4  15  11   5  12   5   4   4  

 2   6  14   1   1  12   2   2  12  11  15   6  10   2   3  14   7   7   6  10   5   9   1  12   3   4   5   7   5  14   9  14   9   5   4  13  11  10   5  10  

12  15  14   6   5  11  13  15   9   7  10   1  10  14   6   9   2  11   8   5   1   9   8   8  10   5   4   8  14  10  15  13   7   2  12  10   9  11   5   9  

10   9  10   2   6   7   8   3   1   2   3  12   3  12   3  13   2   3   6   3   6  11   3   3  14  11   7  12  12  14  11   1   2  13   4   4   6  11   7  15  

 8   4  15   3   7  15  15  12  12  13   6   1   5   4  10  10  11   6   9  10  14  11   6  11  10  14   9   8  12   5   4  10   6   9   4   6  15   5   8  15  

 3   6   4   7   4  15   8   2   3   8   8  12  13  14   6  15  11  11   9   6   6  11   3   1   6  15  10  12   7  14   3   4  13   8   2  14  11   8  11   9  

 3   8  10   6   9   3   5  10   6  13  11   7  10   2  11  13  11  12  11  12   9  15   9   2   1   1   2  14   3   2   5  12   9   1   9  15  15   5   1   4  

10   2   2  13   6   2  10   3   6   1   5   7  11  13   3   9   1   2   7   6  10  15  14  11  11  11   1   4   9  10   9  13  10  11   8   4  12   6  10  14  

10   3  13  15   6  15   7   5   8  14   1   5   8   2   4  14  15  12   9   6   3  15   2   8  14  11  15   8   5  13   9   7  15   7   9   7  10   6   4   2  

 3  15   2   3  13   3   3   3  14  11   6   9   1   1   5   2  12  13   3   6   5  10   6   5  10   3  13   3   1  12  14  10  10   3   1  14  12   4   8  11  

 7   2   8  12   1   5   5  10   1  13  13  14  14   1   2   5   7   4   2   9   9  13   6  10   8   5  13  13  15   6   2  13  11   4  11  15   3   6   9  11  

 5   6  15  15   1  10   2  13   7  13   1   4   5   6  13  11   2  15  13  13   8   5   8   6   3  13   2  14  14   8   9  10   2  14   1   3   4   7   7  14  

15   1  14  14   3   8   7   6   8   4  10   6  14   5   3   5   7   2   3  13  14  11  10   3  10   9  13   6  12   4  12   9  14   3  11   4   2   2   1  14  

 3  13   6   6  13   5   1   8   4   8  13  13   3   9   3   6   7   2  14  10  13  11   8  15   6   2  14  15   2   9   9  10   4  15   5  14   2   9   4  11  

 5  12   7  13   3   5   1   5   5   6  14   2   9  12   7   4   6   9   7   3   8  14   5  10  12  10  10   2   1  11   6   5   9   5   3   9  13   9   5  10  

 6   9   7  13   3  13   6  15  14  13  13   4   5  14  11   6   6   7  12   1  14  15   1  13  12  13   7  15   8   3   9   9  12   7   2  15   3  11   8   9  

 8  11   8   2   2   4   2   8   9   7   5   9   5   5   2   1   8   3   4   5  12   7   9  15  12   5   6  11   8  14   2   8  14  15  15  12   4   9  15   2  

 6  11   9  15   2   7  12  10   5  15  15   8  15  10   9   3   6  15   1   3  14   1   9   7   1  10  10   1  13   7  12   6   9   9   1   3   7   7   3   5  

10   2   1   2   5  15  14   7   3  10   6   3   7  12   4  10  10   2   9   4   2   1  13   6  10  12   4   7  12   1   6   9  14   2  11  13   2   3   2   3  

 5  13   8  14   8   4  15  13   5  13   8  12   4   5  15  10  11   6   5   7  12  11   6   6   3  15   3   4  10   3   9   7   1  15  11   2   9  11   2  14  

 1   2  12   4  10  15   2  12  13   2  13  10   1  12  10   2  15  15  14   2  13   3   2  15   2  13   5   9  14   3  10  12   4   9  15   2   2   6   9  14  

 6   6  10  13   9  15   9   6  11  11  11   9  11   1  15   3  10   4   4  12  12   5   5   8   4  10   8   6   3   4   6  14   5  13  15  11   6  13  11  13  

 9  13   2   2   5   5   6  10   4  10  11   5   4  11  12  10  12   3   7  11   8  10  13  11  10   8   7   6   1  12  10  13   3   5   3   1  14  15  15  12  

10  13  11   7   5  13  14   3   5  11  11   5   1   1  13   8   4   2   6  11  14  12   8  14   5   5   6  12  12  15   8   5   2   1   3   1   7  12   7  10  

 5   7   6  14  14   9   9  14   1   2   6   9   9   9  14  15   4   5  14   5   5   2  10  14   8   7  12   2  13   2   8  15   8  12   9   5   8   9   1  11  

 8   2  15   7  13  11  12   7  15  15  10   6   9   3   9  14  12   1   7  11  10   2  14   2   6  10  13   2  11  12   5   8   7   6  10   7   4   5   5   1  

14   1  14   4   7   8   5   9  12   9  13   4   2  10  12   1   9   1   3   3   5  13  13  14   7   2   8  11  14   8  12   9  13  14   7   3   8   5   8  10  

 7   4  10  13  12   3  13   7   1   4   4   5  12  12  11  11  12   3   3   5   4   4   6   9   3  14   5  10  10  14   3  11   4  14   7   2   6   2   3   5  

 9   4   1  11  10   7   5  12   5  14   1   6  13   9   8  13   4  10   4   2   1   3  11  14  15  11   8  14   1   4  12   2   2   3   6   3   1   5  14   1  

 3  10  10   1  10   7   2  12  15   6  13  10  10   6   2   5   7  10   9   4   1   3  15   6  14   7  12  14   9   9   2   5   5  11   8  12  15  12   6   4  

 3   4  10   2   6   3   3  11  15   3  13  11   1  15   7   7   4   4   4  10   8   6   9  10   1   5   4  13   1   9  13  12   7  13  10  12  15   9   3   2  

10   6   4   1   8   9   9   9   4  15   5   3   4   7  10  10  11   9  10  10  10   9   4  11   6  11   8  15   5  13   7  13  15   4   4  12  10   2  12   1  

 7  12   4  14   7  10  14   7  14   2   6   3   2   5   3   6   5   8   8   3   4   9  14   8   1  10  10   7  15  13  13  13   5  10  11  14  10  10  14   1  

 7  10   5  14   9   8  13  12   9  11  15  13   6  12   9  12   6   3   1  14   5  11   7   2  12  10  14  13   1   7   6  11   9   5   9  10  14  11   1   4  

14  13  14   5   3   6   2  14   2  12   6  10   4   4  10   4  12  15  13   8   7  13   8   3   8   6   7   6   9   9   9  11   8  14  12  10   8   7   8   6  

 2   9  10  15   3  15   1   4   8   3   2  15   1  15   4  13   7   3  10   3  10  13   8   2   4   3   3  10   9   5   7  10  14  13  11  14   6  12  10  12  

 2   8   2   4   6  11   8   1   2   1  11  10  13   6   6   2  10   1  12  14  13   4  11   9   2  13   9  12  11   2   5  15  13   1   7  14  11   7   1  15  

Operadorando 2

 6   9   7  11   9   1  15  14   7  12   4   4  12   8   4   3   9  10  15  14   7  14  13   9  12  13  14   6  13  11   9  10  13   8  11   1  15  12  11  10  

15  12  12   5  14  15   7  15  10  10  11   1   6  11   9  11  11   8   5  13   4   6   9   5   6  12   3   2   3   6  14   8   9  10  10   2   3   4  11   2  

15   3   1   8   9   2  13  14  14   6  11   5  13  15  10  10   4  13   3   7  10  15   7   5   4   8   8   5   6  15   8   8  14   2   3  12   9   7   9  14  

 9  13   8   4  10   1  13   1   6  11  13   9  15  10  10  13   5   6   8   9   1   9  12   1   8   1  10   3   9  10  10  15  11   1  11   8   9   1   1  11  

 4  15  10  13  13   2  13   8  15  13   8   8  11  13   9   1   7   4   9  12   2   6   3   6  12   4  12  10   8   4  15  13   4  12   7  15   7   7   7   5  

 8   6  15  12   6  15   4   2   9  13   7  13   2   8   3   4   8  12   8   1  12   6  14   5   3   2   8  14   7  14   6  12  13  12   3  14   9   9   1   8  

13   7  15  10  15   4   6   1   6   6  12   3   2   8   4   5  13  10  13   4   2  11   1  10  11   7   1  14   3   3  14   3  12  14   9   7  15  12  11   8  

14   8  11   4   3   4  10  10   8   7   4   7   2   1  10   2  15  12   7   9  10   6   1   4  11  12  10   1   1   8   5   4   5   2  10   7  11   1   4   5  

 8   6  13   4   8   8   2  12  14   7   6   8   5   6   5   9   7  14  10   2   3  12  14   7   5   5   4  13  14  11   5   5   3   6  10   1   6  14   1   9  

13   8  11  15  11   4   5   1   1  13   9  12   8   6   2   6  12  11  15  15   3   9   6   1  14  11   3   9  13   4   8   6   7  10   5   6  14   1  14  10  

 1   6   9   1  14   7   7   3  11   4  11   1   9   6   8  15   4  14   7   4   7  12   4   9  14  10   8   4  10  12   4   7   3  13   6   8  14  10   4   1  

 3  12  10  10  10  15   7  12  12   6  12   6  13   9   6   1  12   1  10   6   9  12   2  15  11   6   2  13   6  11  14   3  12  10  14  12   4  10  12  13  

13  12   1   1  12  12  14  12   4   1  10   5   3   5  11  14   7  14   2  12   3  14  13   7  10   3  14   6  13   4   3  13   8  12  11  13  14  14  11  15  

 3  15   8  11   7   9   8   9   9  14   9   1  10   6   6   2  13   3   9  10   7  15   8  11   2   1   8   4   7  10   6   4  11   4   8   1   3   8  12   4  

11   5   8  14   1   6   1   4  11  15   5   8   8   8  13  11  15  15  11   9  13  10  10  12  13  10  13  13  11  10  14   2   5  14  11  14  11   3  10   3  

10  12  13   1   6   4  11   5   3  13   8   9  11  14  12   9   3   7  13   8   5   8   7  14  10   4   5   1   9   8   2   8  14   4  12   4   5   7   5   7  

 5  12  12   5   2   4   1   4   6   1   8   9   8   7   3   8  12  12   7   6  12  13   4  13   8   1   8  15  10   9   9   6   1  11   4   6   1   8   8   8  

 6   6  11  14  14   6  11   1   2  12  14  14   2   5  10  14  13   6   9   4  11   2  15   9   8  13  12  14  15   4   7  14   8   3   3  10   9  10  15  13  

13   7   8  13   1   3  15   8  15   1  11  10   2   5  14   8  12  10   5  13  13   4   2   1   8   3  15   3   1   5   3   6  15   4   5  14  14   5   8   1  

14   4  13  12  10   4   4  10   1  14   8  10   6   3  12   9   2   6   7   3   7   1   4   3  15   4  11  12  14   1   8   7   5   6  15   6   5   8  13   7  

 7  10   7   8  14  12   8   6   9   3   6  11   6  14  15   6   1   1   2  12  14   7  10  15  12   8   5   4   5   4  10  11   7  10   6   8  10  10  10  13  

 9  15  10   8  12  14   3   1   1  12   6   1  13  13   4   9   2   1   4   4  14  10   3  14   3  13  15  10  10  14  12  15   8  12  11   2  12   2  12   8  

15   8   5   4   7  15  13   5  10   5   7   9   3  11   6  15  12   5  12   7   4   6   8   6   8   5   1  12   6  12   7   7  11   9   3  10   5   5  13   4  

 5  14   4   1  10  10  12   8   5   1   8   1   5   8   9  11   4  15   3  13  14  14   5   5  15   1   8  15  15   8   2  10  15   2   3  10   8   3   2   8  

 9   4   2   5   7   1  14  13   6  10  11  12   5   1  11   5   7   6   5  11  12  11   9   8  15   5   7   4  13   4  11  13   2   2  14  12   1  12   6  10  

 2   1  10   2   5   9  10   5   6   8  10  15  11   8   7   3   9   6   2  15  10  12   3  10   9  12  15  13   9   2   4   3  10   5  10  10  12  13   8   2  

13   8   2  14   3   8   5   5   2   9   1  12   7   6  11   5  15   2  14   9   2  12   1   2   8   4  13  12   2  13   2   6   4   7  11  14  11   2   4   1  

15  12  10  11   2  13   2   9  14   4  12   5   4   6   1   7   9   9   8   1  10   5  15   2   9   5  12   4   6   8   7   8   9  11   2   6   2   4   3   1  

10   6  14   3  11  12   3  10  10   3   2   4   6   5   4   4  13   6   1   7   8  10   3  15   4   6   9   9  15  14   6   5  13   6   8   4   6  15   6   6  

11   6  10   6   2  11   2  15   9   2   1   3  14  11   2   6   7   1   7   7  12  11   7   2  14  10   9   1   3   4   4   4  15   9   4   4  11   1   2  14  

 1  13  13  10   9  10  10   1   1   6   9   3   5  14   1   9   7   6  11   9   1   4  14   5   9  14  11   5   5   5   4   5  14   1  12   9   3  15  12   7  

 6   2  15  11   1  11   9  12   5   5   4   5   8   7   4   7  14  11  11  12   4  12   8  10  11  12  13  15   8   9   6   2   8  11  10   5   7   5   7   2  

14   6   5   4   3  13  15   9  15   4  12  11  10   5  11   3   3   9   5   2   5   2   7   1  13   4  11   5  15  14   6   7   6   5  10  13   7   1  13  13  

 3   2   5  15  10   8   2   2  10   3   2   2  13  10   5   7  14   2   3   8   6  12  12   8   1  15  13   1  10   3  11   1   7   6   9   1   9  10   9  15  

 4   5  11  10  15   8   8   7   2  13  10   9   6   3   2  13  12   3  10  10  15  14  12   6   2   8  14   3  13   1   4   4   6  12   8  12   6   8  10  15  

 4   5   4  15   1  12   9   4  15   7   6   1   8   9  15  15  15   3   4   9   1   3   4   8   9   8   1  15  13   7  14   2  11  12   1  12  13  15   7   8  

 6  12  11   4   6   6   3  10   8   6  12  15  15   8  15   4  11  12   9   1   5  11   8  12  14   2  11  15  13   3   6   1   2   8   2   3   2  10  14  15  

10  13   4   6   2   9  12  13   4   9   8   5  15  11  15  14   2  15  11   4  12   1   9   3   9   7   4   2  15   9   7  14  11   7   9  12   9   8  14  10  

 2  11   5   3  14   2   3  13   6   4  14   1  14   2   6   5  12   8  14   2  10   5  11  11  10  13   3   4   8   6   8   8   6   6   9   4   7   8  15   9  

11   9   4   3   6   4  11   5   7   8   7   8  11  12  12   7   7   5   2   3  13  11   8  14   7   1   2   4  13  10   2  10  11   1   2   1   9   4  11   6  

Resultado DUT

 2911   2813   2933   2532   2596   2607   2922   2642   2909   2309   2894   2387   2773   2701   2681   2485   3222   2844   2708   2582   2509   3104   2444   2659   3308   2499   3013   2898   3110   2841   2504   2340   2921   2489   2652   2730   2794   2703   3004   2429  

 3033   3010   3028   2871   2960   2765   2822   2488   2750   2789   2804   2388   2853   2887   3066   2798   3166   2782   2496   2862   2702   3132   2419   2743   3220   2548   3095   3035   3301   2823   2828   2671   2975   2677   2624   2773   3060   2586   3032   2699  

 2995   3017   2906   2428   2542   2793   2615   2436   2583   2678   2734   2463   2729   2619   2861   2601   3110   2676   2582   2561   2627   2952   2514   2671   3172   2227   2839   2884   3308   2729   2473   2440   2829   2474   2597   2597   2655   2440   2898   2523  

 2762   2656   2892   2678   2618   2524   2463   2557   2598   2506   2583   2250   2560   2504   2609   2461   2838   2621   2483   2426   2777   2964   2518   2517   2959   2349   2920   2610   3014   2520   2528   2342   2667   2513   2607   2425   2600   2456   2705   2655  

 2539   2441   2626   2196   2204   2494   2289   2294   2277   2091   2416   1972   2524   2493   2400   2518   2413   2568   2220   2097   2339   2663   2311   2224   2820   2088   2484   2430   2929   2408   1969   2126   2695   2263   2141   2269   2489   2261   2457   2495  

 3130   2978   3190   2667   2802   2801   2990   2786   2677   2749   2905   2226   2716   2778   2686   2828   3237   2957   2765   2729   2692   3172   2793   2594   3113   2616   3045   2632   3234   2818   2505   2555   3287   2559   2715   2655   2910   2749   3036   2750  

 2383   2497   2397   2183   2221   2279   2255   2270   2204   2170   2266   1798   2573   2481   2161   1962   2479   1910   2102   2153   2403   2648   2179   2369   2449   2092   2408   1883   2500   2219   2125   2087   2774   1977   2286   2013   2217   2267   2486   2304  

 3188   2860   3193   2734   2768   2644   2715   2568   2744   2667   2846   2691   2842   2867   2887   2581   3188   3004   2669   2674   2949   3317   2609   2888   3300   2477   3070   3050   3333   2793   2590   2538   3060   2658   2635   2686   3043   2726   3020   2834  

 2793   2870   2887   2581   2431   2795   2521   2382   2609   2490   2832   2391   2873   2650   2687   2472   3008   2454   2516   2362   2619   2911   2504   2649   3000   2228   2864   2653   3064   2598   2429   2398   2976   2596   2514   2609   2765   2550   2909   2710  

 2811   2670   2820   2522   2342   2458   2424   2151   2419   2382   2656   2222   2424   2490   2603   2633   2729   2539   2410   2259   2328   2541   2279   2351   2928   2171   2717   2586   2899   2355   2386   2208   2507   2557   2249   2465   2525   2188   2796   2435  

 2511   2749   2618   2140   2547   2510   2682   2362   2312   2231   2559   2030   2752   2575   2453   2359   2641   2230   2308   2423   2442   2955   2431   2595   2854   2148   2748   2346   2983   2373   2234   2304   2863   2207   2537   2190   2525   2403   2797   2623  

 3022   2857   2983   2726   2530   2560   2777   2403   2432   2670   2835   2673   2875   2727   2600   2582   2946   2679   2713   2616   2672   3103   2650   2374   3127   2344   3210   2787   3228   2711   2452   2649   2992   2461   2693   2818   2830   2436   2793   2981  

 2321   2474   2512   2316   2168   2293   2130   2103   2182   2140   2313   2012   2369   2333   2257   2192   2616   2079   2297   2087   1997   2363   2128   2125   2758   2106   2274   2511   2644   2151   2240   2027   2217   2158   2145   2156   2157   2084   2535   2249  

 2798   2658   2602   2373   2526   2658   2557   2365   2344   2226   2570   2090   2631   2385   2479   2549   2825   2407   2345   2418   2496   2921   2265   2434   2999   2226   2718   2533   3090   2650   2303   2373   2757   2488   2484   2557   2758   2301   2669   2610  

 2982   2537   2879   2592   2400   2411   2549   2298   2457   2482   2600   2359   2592   2618   2567   2539   2925   2586   2366   2483   2646   2732   2642   2359   2818   2407   2891   2374   2943   2493   2263   2344   3069   2080   2436   2374   2694   2287   2731   2506  

 2796   2534   2582   2277   2550   2454   2727   2295   2292   2332   2483   2257   2509   2520   2426   2419   2523   2341   2279   2407   2379   2963   2426   2384   2812   2095   2856   2389   2958   2647   2163   2426   2737   2242   2607   2482   2645   2439   2639   2585  

 2736   2912   2675   2737   2465   2743   2591   2401   2666   2300   2544   1987   2672   2745   2644   2578   2864   2311   2389   2614   2571   2818   2308   2320   2981   2275   2754   2404   2766   2532   2463   2361   2886   2471   2434   2566   2635   2226   2655   2364  

 2431   2579   2306   2081   2257   2315   2446   2153   2188   2211   2461   2009   2571   2383   2544   2418   2460   2283   2096   2292   2338   2691   2234   2183   2729   2033   2591   2198   2756   2314   2098   2281   2472   2079   2220   2244   2458   2063   2514   2352  

 3072   3122   3111   2809   2693   2948   2927   2560   2951   2736   3010   2430   2887   2841   2944   2813   3197   3008   2656   2844   2957   3184   2811   2704   3282   2623   3128   2775   3360   3013   2692   2739   3188   2634   2782   2830   3130   2662   2914   2687  

 2533   2464   2413   2286   2395   2610   2339   2583   2475   1989   2411   1873   2541   2273   2278   2356   2736   2258   2220   2349   2574   2744   2394   2194   2763   2300   2525   2208   2880   2312   2285   2103   2593   2304   2300   2306   2381   2227   2592   2671  

 2682   2636   2717   2332   2706   2545   2547   2116   2297   2255   2594   2180   2468   2531   2473   2516   2863   2558   2393   2521   2199   2872   2436   2360   2899   2329   2626   2461   2847   2465   2281   2264   2766   2307   2438   2456   2763   2413   2772   2595  

 2305   2132   2468   2117   1958   2210   2325   1859   2138   2053   2214   1960   1891   1949   1957   1972   2612   2185   2159   2181   1991   2406   1944   2021   2442   1742   2278   2301   2537   2138   1926   1798   2454   2138   2051   2272   2240   2199   2272   1974  

 2827   2860   3102   2583   2812   2532   2561   2229   2435   2653   2739   2342   2857   2858   2644   2593   3064   2615   2550   2698   2683   3121   2433   2781   2981   2529   2844   2590   3038   2473   2664   2326   2915   2546   2718   2470   2814   2475   3000   2681  

 2450   2685   3002   2564   2590   2596   2547   2341   2699   2319   2698   2326   2508   2548   2472   2481   3067   2694   2339   2490   3014   3071   2558   2686   2747   2286   2989   2689   3015   2660   2221   2313   2884   2335   2335   2678   2616   2566   2638   2486  

 2856   2789   2996   2819   2784   2690   2664   2477   2639   2680   2834   2450   2912   2786   2791   2860   3112   2888   2715   2640   2761   3164   2787   2632   3165   2490   2975   2877   3344   2641   2666   2506   2897   2812   2713   2864   3002   2650   2973   2882  

 2785   2956   2879   2382   2457   2529   2522   2598   2315   2488   2667   2192   2822   2639   2641   2535   2923   2721   2748   2523   2716   2923   2464   2594   3245   2407   2723   2533   2962   2472   2371   2344   2775   2477   2595   2332   2571   2285   3028   2427  

 2908   2737   2849   2355   2563   2532   2312   2360   2360   2372   2498   2037   2575   2714   2403   2459   2537   2593   2458   2321   2656   2772   2357   2374   3021   2244   2536   2448   2788   2531   2368   2399   2959   2479   2349   2346   2667   2191   2614   2389  

 2869   2827   2862   2560   2470   2526   2944   2398   2591   2532   2616   2351   2645   2680   2854   2537   3123   2659   2542   2769   2523   3028   2368   2533   3030   2153   3016   2582   2977   2631   2383   2354   3027   2347   2699   2819   2729   2384   2713   2479  

 2934   2551   2935   2567   2566   2438   2559   2418   2585   2485   2522   2445   2615   2645   2492   2503   2928   2638   2709   2597   2355   3051   2340   2397   3044   2244   2746   2701   2933   2582   2397   2240   2795   2621   2590   2716   2816   2530   2652   2639  

 2731   2727   2730   2495   2507   2593   2469   2421   2659   2310   2464   2017   2737   2617   2289   2428   2913   2681   2525   2371   2615   3135   2543   2488   2896   2374   2897   2559   3105   2876   2347   2255   2810   2406   2430   2369   2636   2357   2729   2585  

 2440   2429   2554   2178   2220   2165   2251   2130   2242   2089   2268   1894   2491   2382   2115   2116   2690   2225   2160   2387   2194   2902   2127   2265   2606   1980   2708   2237   2552   2136   2158   1941   2614   2214   2265   2165   2385   2107   2325   2315  

 2358   2584   2326   2106   2239   2035   2435   2029   1919   2249   2446   1997   2110   2062   2064   2137   2590   2269   2429   2376   2104   2472   2328   1929   2706   1984   2437   2115   2545   2012   1989   2219   2477   1932   2295   2332   2227   2046   2336   2148  

 2811   2651   2651   2428   2401   2640   2550   2648   2748   2257   2652   2277   2549   2408   2620   2581   3062   2613   2463   2340   2454   2869   2449   2300   2913   2212   2706   2550   2987   2513   2324   2249   2616   2440   2339   2610   2488   2540   2663   2557  

 2321   2526   2669   2399   2196   2534   2217   2306   2494   2163   2395   1872   2528   2441   2326   2361   2680   2346   2354   2132   2258   2689   2331   2243   2709   2178   2578   2369   2717   2298   2159   1811   2538   2250   2246   2194   2243   2303   2531   2395  

 2819   2715   2973   2697   2351   2588   2469   2415   2525   2404   2664   2323   2590   2479   2493   2336   3006   2608   2637   2543   2575   2768   2410   2386   3248   2416   2939   2746   2966   2417   2416   2219   2804   2579   2435   2541   2728   2301   2822   2504  

 2708   2782   3091   2549   2635   2784   2516   2437   2589   2373   2638   2100   2714   2688   2415   2683   3180   2518   2701   2465   2363   2873   2591   2438   2843   2519   2811   2720   2937   2589   2468   2256   3054   2535   2527   2470   2727   2618   2727   2585  

 3059   3022   3176   2780   2678   2760   2725   2572   2635   2926   2939   2507   2971   2749   2816   2673   3119   2735   2937   2610   2498   3162   2546   2577   3364   2416   3013   2818   3176   2722   2725   2465   2843   2798   2945   2743   2819   2546   2954   2689  

 2941   2722   2950   2890   2632   2640   2705   2572   2586   2577   2730   2339   2805   2665   2637   2672   3271   2596   2620   2712   2828   2990   2603   2565   3011   2766   3107   2585   3094   2637   2630   2380   2956   2531   2626   2613   2839   2466   3139   2827  

 2643   2812   2762   2525   2359   2773   2535   2351   2677   2439   2660   2095   2856   2721   2537   2465   2807   2241   2377   2234   2570   2735   2573   2528   2528   2127   2588   2287   2918   2744   2439   2319   2986   2311   2443   2402   2398   2325   2756   2669  

 2656   2532   2655   2299   2202   2757   2495   2258   2511   2053   2529   2209   2327   2413   2609   2412   2707   2407   2100   2285   2381   2642   2148   2404   2880   1827   2644   2719   2861   2397   2168   2104   2671   2498   2236   2580   2478   2394   2655   2196  

Resultado REFMOD

 2911   2813   2933   2532   2596   2607   2922   2642   2909   2309   2894   2387   2773   2701   2681   2485   3222   2844   2708   2582   2509   3104   2444   2659   3308   2499   3013   2898   3110   2841   2504   2340   2921   2489   2652   2730   2794   2703   3004   2429  

 3033   3010   3028   2871   2960   2765   2822   2488   2750   2789   2804   2388   2853   2887   3066   2798   3166   2782   2496   2862   2702   3132   2419   2743   3220   2548   3095   3035   3301   2823   2828   2671   2975   2677   2624   2773   3060   2586   3032   2699  

 2995   3017   2906   2428   2542   2793   2615   2436   2583   2678   2734   2463   2729   2619   2861   2601   3110   2676   2582   2561   2627   2952   2514   2671   3172   2227   2839   2884   3308   2729   2473   2440   2829   2474   2597   2597   2655   2440   2898   2523  

 2762   2656   2892   2678   2618   2524   2463   2557   2598   2506   2583   2250   2560   2504   2609   2461   2838   2621   2483   2426   2777   2964   2518   2517   2959   2349   2920   2610   3014   2520   2528   2342   2667   2513   2607   2425   2600   2456   2705   2655  

 2539   2441   2626   2196   2204   2494   2289   2294   2277   2091   2416   1972   2524   2493   2400   2518   2413   2568   2220   2097   2339   2663   2311   2224   2820   2088   2484   2430   2929   2408   1969   2126   2695   2263   2141   2269   2489   2261   2457   2495  

 3130   2978   3190   2667   2802   2801   2990   2786   2677   2749   2905   2226   2716   2778   2686   2828   3237   2957   2765   2729   2692   3172   2793   2594   3113   2616   3045   2632   3234   2818   2505   2555   3287   2559   2715   2655   2910   2749   3036   2750  

 2383   2497   2397   2183   2221   2279   2255   2270   2204   2170   2266   1798   2573   2481   2161   1962   2479   1910   2102   2153   2403   2648   2179   2369   2449   2092   2408   1883   2500   2219   2125   2087   2774   1977   2286   2013   2217   2267   2486   2304  

 3188   2860   3193   2734   2768   2644   2715   2568   2744   2667   2846   2691   2842   2867   2887   2581   3188   3004   2669   2674   2949   3317   2609   2888   3300   2477   3070   3050   3333   2793   2590   2538   3060   2658   2635   2686   3043   2726   3020   2834  

 2793   2870   2887   2581   2431   2795   2521   2382   2609   2490   2832   2391   2873   2650   2687   2472   3008   2454   2516   2362   2619   2911   2504   2649   3000   2228   2864   2653   3064   2598   2429   2398   2976   2596   2514   2609   2765   2550   2909   2710  

 2811   2670   2820   2522   2342   2458   2424   2151   2419   2382   2656   2222   2424   2490   2603   2633   2729   2539   2410   2259   2328   2541   2279   2351   2928   2171   2717   2586   2899   2355   2386   2208   2507   2557   2249   2465   2525   2188   2796   2435  

 2511   2749   2618   2140   2547   2510   2682   2362   2312   2231   2559   2030   2752   2575   2453   2359   2641   2230   2308   2423   2442   2955   2431   2595   2854   2148   2748   2346   2983   2373   2234   2304   2863   2207   2537   2190   2525   2403   2797   2623  

 3022   2857   2983   2726   2530   2560   2777   2403   2432   2670   2835   2673   2875   2727   2600   2582   2946   2679   2713   2616   2672   3103   2650   2374   3127   2344   3210   2787   3228   2711   2452   2649   2992   2461   2693   2818   2830   2436   2793   2981  

 2321   2474   2512   2316   2168   2293   2130   2103   2182   2140   2313   2012   2369   2333   2257   2192   2616   2079   2297   2087   1997   2363   2128   2125   2758   2106   2274   2511   2644   2151   2240   2027   2217   2158   2145   2156   2157   2084   2535   2249  

 2798   2658   2602   2373   2526   2658   2557   2365   2344   2226   2570   2090   2631   2385   2479   2549   2825   2407   2345   2418   2496   2921   2265   2434   2999   2226   2718   2533   3090   2650   2303   2373   2757   2488   2484   2557   2758   2301   2669   2610  

 2982   2537   2879   2592   2400   2411   2549   2298   2457   2482   2600   2359   2592   2618   2567   2539   2925   2586   2366   2483   2646   2732   2642   2359   2818   2407   2891   2374   2943   2493   2263   2344   3069   2080   2436   2374   2694   2287   2731   2506  

 2796   2534   2582   2277   2550   2454   2727   2295   2292   2332   2483   2257   2509   2520   2426   2419   2523   2341   2279   2407   2379   2963   2426   2384   2812   2095   2856   2389   2958   2647   2163   2426   2737   2242   2607   2482   2645   2439   2639   2585  

 2736   2912   2675   2737   2465   2743   2591   2401   2666   2300   2544   1987   2672   2745   2644   2578   2864   2311   2389   2614   2571   2818   2308   2320   2981   2275   2754   2404   2766   2532   2463   2361   2886   2471   2434   2566   2635   2226   2655   2364  

 2431   2579   2306   2081   2257   2315   2446   2153   2188   2211   2461   2009   2571   2383   2544   2418   2460   2283   2096   2292   2338   2691   2234   2183   2729   2033   2591   2198   2756   2314   2098   2281   2472   2079   2220   2244   2458   2063   2514   2352  

 3072   3122   3111   2809   2693   2948   2927   2560   2951   2736   3010   2430   2887   2841   2944   2813   3197   3008   2656   2844   2957   3184   2811   2704   3282   2623   3128   2775   3360   3013   2692   2739   3188   2634   2782   2830   3130   2662   2914   2687  

 2533   2464   2413   2286   2395   2610   2339   2583   2475   1989   2411   1873   2541   2273   2278   2356   2736   2258   2220   2349   2574   2744   2394   2194   2763   2300   2525   2208   2880   2312   2285   2103   2593   2304   2300   2306   2381   2227   2592   2671  

 2682   2636   2717   2332   2706   2545   2547   2116   2297   2255   2594   2180   2468   2531   2473   2516   2863   2558   2393   2521   2199   2872   2436   2360   2899   2329   2626   2461   2847   2465   2281   2264   2766   2307   2438   2456   2763   2413   2772   2595  

 2305   2132   2468   2117   1958   2210   2325   1859   2138   2053   2214   1960   1891   1949   1957   1972   2612   2185   2159   2181   1991   2406   1944   2021   2442   1742   2278   2301   2537   2138   1926   1798   2454   2138   2051   2272   2240   2199   2272   1974  

 2827   2860   3102   2583   2812   2532   2561   2229   2435   2653   2739   2342   2857   2858   2644   2593   3064   2615   2550   2698   2683   3121   2433   2781   2981   2529   2844   2590   3038   2473   2664   2326   2915   2546   2718   2470   2814   2475   3000   2681  

 2450   2685   3002   2564   2590   2596   2547   2341   2699   2319   2698   2326   2508   2548   2472   2481   3067   2694   2339   2490   3014   3071   2558   2686   2747   2286   2989   2689   3015   2660   2221   2313   2884   2335   2335   2678   2616   2566   2638   2486  

 2856   2789   2996   2819   2784   2690   2664   2477   2639   2680   2834   2450   2912   2786   2791   2860   3112   2888   2715   2640   2761   3164   2787   2632   3165   2490   2975   2877   3344   2641   2666   2506   2897   2812   2713   2864   3002   2650   2973   2882  

 2785   2956   2879   2382   2457   2529   2522   2598   2315   2488   2667   2192   2822   2639   2641   2535   2923   2721   2748   2523   2716   2923   2464   2594   3245   2407   2723   2533   2962   2472   2371   2344   2775   2477   2595   2332   2571   2285   3028   2427  

 2908   2737   2849   2355   2563   2532   2312   2360   2360   2372   2498   2037   2575   2714   2403   2459   2537   2593   2458   2321   2656   2772   2357   2374   3021   2244   2536   2448   2788   2531   2368   2399   2959   2479   2349   2346   2667   2191   2614   2389  

 2869   2827   2862   2560   2470   2526   2944   2398   2591   2532   2616   2351   2645   2680   2854   2537   3123   2659   2542   2769   2523   3028   2368   2533   3030   2153   3016   2582   2977   2631   2383   2354   3027   2347   2699   2819   2729   2384   2713   2479  

 2934   2551   2935   2567   2566   2438   2559   2418   2585   2485   2522   2445   2615   2645   2492   2503   2928   2638   2709   2597   2355   3051   2340   2397   3044   2244   2746   2701   2933   2582   2397   2240   2795   2621   2590   2716   2816   2530   2652   2639  

 2731   2727   2730   2495   2507   2593   2469   2421   2659   2310   2464   2017   2737   2617   2289   2428   2913   2681   2525   2371   2615   3135   2543   2488   2896   2374   2897   2559   3105   2876   2347   2255   2810   2406   2430   2369   2636   2357   2729   2585  

 2440   2429   2554   2178   2220   2165   2251   2130   2242   2089   2268   1894   2491   2382   2115   2116   2690   2225   2160   2387   2194   2902   2127   2265   2606   1980   2708   2237   2552   2136   2158   1941   2614   2214   2265   2165   2385   2107   2325   2315  

 2358   2584   2326   2106   2239   2035   2435   2029   1919   2249   2446   1997   2110   2062   2064   2137   2590   2269   2429   2376   2104   2472   2328   1929   2706   1984   2437   2115   2545   2012   1989   2219   2477   1932   2295   2332   2227   2046   2336   2148  

 2811   2651   2651   2428   2401   2640   2550   2648   2748   2257   2652   2277   2549   2408   2620   2581   3062   2613   2463   2340   2454   2869   2449   2300   2913   2212   2706   2550   2987   2513   2324   2249   2616   2440   2339   2610   2488   2540   2663   2557  

 2321   2526   2669   2399   2196   2534   2217   2306   2494   2163   2395   1872   2528   2441   2326   2361   2680   2346   2354   2132   2258   2689   2331   2243   2709   2178   2578   2369   2717   2298   2159   1811   2538   2250   2246   2194   2243   2303   2531   2395  

 2819   2715   2973   2697   2351   2588   2469   2415   2525   2404   2664   2323   2590   2479   2493   2336   3006   2608   2637   2543   2575   2768   2410   2386   3248   2416   2939   2746   2966   2417   2416   2219   2804   2579   2435   2541   2728   2301   2822   2504  

 2708   2782   3091   2549   2635   2784   2516   2437   2589   2373   2638   2100   2714   2688   2415   2683   3180   2518   2701   2465   2363   2873   2591   2438   2843   2519   2811   2720   2937   2589   2468   2256   3054   2535   2527   2470   2727   2618   2727   2585  

 3059   3022   3176   2780   2678   2760   2725   2572   2635   2926   2939   2507   2971   2749   2816   2673   3119   2735   2937   2610   2498   3162   2546   2577   3364   2416   3013   2818   3176   2722   2725   2465   2843   2798   2945   2743   2819   2546   2954   2689  

 2941   2722   2950   2890   2632   2640   2705   2572   2586   2577   2730   2339   2805   2665   2637   2672   3271   2596   2620   2712   2828   2990   2603   2565   3011   2766   3107   2585   3094   2637   2630   2380   2956   2531   2626   2613   2839   2466   3139   2827  

 2643   2812   2762   2525   2359   2773   2535   2351   2677   2439   2660   2095   2856   2721   2537   2465   2807   2241   2377   2234   2570   2735   2573   2528   2528   2127   2588   2287   2918   2744   2439   2319   2986   2311   2443   2402   2398   2325   2756   2669  

 2656   2532   2655   2299   2202   2757   2495   2258   2511   2053   2529   2209   2327   2413   2609   2412   2707   2407   2100   2285   2381   2642   2148   2404   2880   1827   2644   2719   2861   2397   2168   2104   2671   2498   2236   2580   2478   2394   2655   2196  

Test(%)  1600          0 

Sucess: 100.000000  %
Fail  : 0.000000  %
Simulation complete via $finish(1) at time 1513 NS + 0
../tb/tb.sv:147     #(1000*TsClock)$finish;
xcelium> exit
TOOL:	xrun(64)	24.03-s005: Exiting on Sep 30, 2025 at 12:00:23 -03  (total: 00:00:16)
